"C:/Users/Joe/Documents/Burning-of-the-Vainities/BookBurning/Content/Books/Texture/120DaysOfSodom_Albedo.uasset" 0
"C:/Users/Joe/Documents/Burning-of-the-Vainities/BookBurning/Content/Books/Material/M_120daysOfSodom.uasset" 1
"C:/Users/Joe/Documents/Burning-of-the-Vainities/BookBurning/Content/Books/Texture/1984_Albedo.uasset" 2
"C:/Users/Joe/Documents/Burning-of-the-Vainities/BookBurning/Content/Books/Material/M_1984.uasset" 3
"C:/Users/Joe/Documents/Burning-of-the-Vainities/BookBurning/Content/Books/Texture/AliceInWonderland_Albedo.uasset" 4
"C:/Users/Joe/Documents/Burning-of-the-Vainities/BookBurning/Content/Books/Material/M_AliceInWonderland.uasset" 5
"C:/Users/Joe/Documents/Burning-of-the-Vainities/BookBurning/Content/Books/Texture/AlQuiet_Albedo.uasset" 6
"C:/Users/Joe/Documents/Burning-of-the-Vainities/BookBurning/Content/Books/Material/M_AllQuiet.uasset" 7
"C:/Users/Joe/Documents/Burning-of-the-Vainities/BookBurning/Content/Books/Texture/AmericanPsycho_Albedo.uasset" 8
"C:/Users/Joe/Documents/Burning-of-the-Vainities/BookBurning/Content/Books/Material/M_americanPsycho.uasset" 9
"C:/Users/Joe/Documents/Burning-of-the-Vainities/BookBurning/Content/Books/Texture/AnimalFarm_Albedo.uasset" 10
"C:/Users/Joe/Documents/Burning-of-the-Vainities/BookBurning/Content/Books/Material/M_AniamlFarm.uasset" 11
"C:/Users/Joe/Documents/Burning-of-the-Vainities/BookBurning/Content/Books/Texture/Banner_Albedo.uasset" 12
"C:/Users/Joe/Documents/Burning-of-the-Vainities/BookBurning/Content/Books/Material/M_Banner.uasset" 13
"C:/Users/Joe/Documents/Burning-of-the-Vainities/BookBurning/Content/Books/Texture/Bible_Albedo.uasset" 14
"C:/Users/Joe/Documents/Burning-of-the-Vainities/BookBurning/Content/Books/Material/M_Bible.uasset" 15
"C:/Users/Joe/Documents/Burning-of-the-Vainities/BookBurning/Content/Books/Texture/BraveNewWorld_Albedo.uasset" 16
"C:/Users/Joe/Documents/Burning-of-the-Vainities/BookBurning/Content/Books/Material/M_BraveNewWorld.uasset" 17
"C:/Users/Joe/Documents/Burning-of-the-Vainities/BookBurning/Content/Books/Texture/Cadide_Albedo.uasset" 18
"C:/Users/Joe/Documents/Burning-of-the-Vainities/BookBurning/Content/Books/Material/M_candide.uasset" 19
"C:/Users/Joe/Documents/Burning-of-the-Vainities/BookBurning/Content/Books/Texture/Catch22_Albedo.uasset" 20
"C:/Users/Joe/Documents/Burning-of-the-Vainities/BookBurning/Content/Books/Material/M_catch22.uasset" 21
"C:/Users/Joe/Documents/Burning-of-the-Vainities/BookBurning/Content/Books/Texture/CommuintsManifesto_Albedo.uasset" 22
"C:/Users/Joe/Documents/Burning-of-the-Vainities/BookBurning/Content/Books/Material/M_communistManifesto.uasset" 23
"C:/Users/Joe/Documents/Burning-of-the-Vainities/BookBurning/Content/Books/Texture/DecaMeron_Albedo.uasset" 24
"C:/Users/Joe/Documents/Burning-of-the-Vainities/BookBurning/Content/Books/Material/M_Decameron.uasset" 25
"C:/Users/Joe/Documents/Burning-of-the-Vainities/BookBurning/Content/Books/Texture/FannyHill_Albedo.uasset" 26
"C:/Users/Joe/Documents/Burning-of-the-Vainities/BookBurning/Content/Books/Material/M_FannyHill.uasset" 27
"C:/Users/Joe/Documents/Burning-of-the-Vainities/BookBurning/Content/Books/Texture/Frankenstein_Albedo.uasset" 28
"C:/Users/Joe/Documents/Burning-of-the-Vainities/BookBurning/Content/Books/Material/M_frankenstein.uasset" 29
"C:/Users/Joe/Documents/Burning-of-the-Vainities/BookBurning/Content/Books/Texture/GrapesOfWrath_Albedo.uasset" 30
"C:/Users/Joe/Documents/Burning-of-the-Vainities/BookBurning/Content/Books/Material/M_GrapesOfWrath.uasset" 31
"C:/Users/Joe/Documents/Burning-of-the-Vainities/BookBurning/Content/Books/Texture/MeinKampf_Albedo.uasset" 32
"C:/Users/Joe/Documents/Burning-of-the-Vainities/BookBurning/Content/Books/Material/M_MeinKampf.uasset" 33
"C:/Users/Joe/Documents/Burning-of-the-Vainities/BookBurning/Content/Books/Texture/Quran_Albedo.uasset" 34
"C:/Users/Joe/Documents/Burning-of-the-Vainities/BookBurning/Content/Books/Material/M_Quran.uasset" 35
"C:/Users/Joe/Documents/Burning-of-the-Vainities/BookBurning/Content/Books/Texture/TheGulag_Albedo.uasset" 36
"C:/Users/Joe/Documents/Burning-of-the-Vainities/BookBurning/Content/Books/Material/M_TheGulag.uasset" 37
"C:/Users/Joe/Documents/Burning-of-the-Vainities/BookBurning/Content/Books/Texture/Uysses_Albedo.uasset" 38
"C:/Users/Joe/Documents/Burning-of-the-Vainities/BookBurning/Content/Books/Material/M_Ulysses.uasset" 39
"C:/Users/Joe/Documents/Burning-of-the-Vainities/BookBurning/Content/Books/Meshes/lambert1.uasset" 40
"C:/Users/Joe/Documents/Burning-of-the-Vainities/BookBurning/Content/Books/Meshes/Banner_Mesh.uasset" 41
"C:/Users/Joe/Documents/Burning-of-the-Vainities/BookBurning/Content/Books/Meshes/Book_Mesh_02.uasset" 42
"C:/Users/Joe/Documents/Burning-of-the-Vainities/BookBurning/Content/Books/Meshes/Book_Mesh_03.uasset" 43
"C:/Users/Joe/Documents/Burning-of-the-Vainities/BookBurning/Content/Books/Meshes/Book_Mesh_04.uasset" 44
"C:/Users/Joe/Documents/Burning-of-the-Vainities/BookBurning/Content/Effects/Textures/Fire/T_FireSubUV_11X11_32.uasset" 45
"C:/Users/Joe/Documents/Burning-of-the-Vainities/BookBurning/Content/Effects/Textures/Noise/T_TilingNoise16.uasset" 46
"C:/Users/Joe/Documents/Burning-of-the-Vainities/BookBurning/Content/Effects/Materials/Fire/M_Fire_SubUV_11X11_Noise.uasset" 47
"../../../Engine/Content/Functions/Engine_MaterialFunctions01/Gradient/RadialGradient.uasset" 48
"C:/Users/Joe/Documents/Burning-of-the-Vainities/BookBurning/Content/Effects/Textures/Noise/T_HeatTile3_N.uasset" 49
"C:/Users/Joe/Documents/Burning-of-the-Vainities/BookBurning/Content/Effects/Textures/Noise/T_TilingNoise03.uasset" 50
"C:/Users/Joe/Documents/Burning-of-the-Vainities/BookBurning/Content/Effects/Materials/Fire/M_HeatDistort.uasset" 51
"C:/Users/Joe/Documents/Burning-of-the-Vainities/BookBurning/Content/Effects/Textures/Flares/T_FlareRound_Noise.uasset" 52
"C:/Users/Joe/Documents/Burning-of-the-Vainities/BookBurning/Content/Effects/Materials/Flares/M_FlareRound.uasset" 53
"C:/Users/Joe/Documents/Burning-of-the-Vainities/BookBurning/Content/Effects/Textures/Smoke/T_SmokeSubUV_8X8_02.uasset" 54
"C:/Users/Joe/Documents/Burning-of-the-Vainities/BookBurning/Content/Effects/Textures/Smoke/T_TilingClouds_01.uasset" 55
"C:/Users/Joe/Documents/Burning-of-the-Vainities/BookBurning/Content/Effects/Materials/Snow/M_Snow_Blowing_Lit.uasset" 56
"C:/Users/Joe/Documents/Burning-of-the-Vainities/BookBurning/Content/Effects/Textures/Noise/T_TilingNoise12.uasset" 57
"C:/Users/Joe/Documents/Burning-of-the-Vainities/BookBurning/Content/Effects/Textures/Snow/T_Snow01_Packed.uasset" 58
"C:/Users/Joe/Documents/Burning-of-the-Vainities/BookBurning/Content/Effects/Materials/Sparks/M_Spark_VelocityLerp.uasset" 59
"C:/Users/Joe/Documents/Burning-of-the-Vainities/BookBurning/Content/Effects/VectorFields/VF_RandomNoise_01_90.uasset" 60
"C:/Users/Joe/Documents/Burning-of-the-Vainities/BookBurning/Content/Effects/VectorFields/VF_Tunnel_Movement_2_100.uasset" 61
"C:/Users/Joe/Documents/Burning-of-the-Vainities/BookBurning/Content/Effects/Particles/Fire/P_OrbGlowLights.uasset" 62
"C:/Users/Joe/Documents/Burning-of-the-Vainities/BookBurning/Content/Effects/Particles/Fire/P_TorchFire_Blizzard.uasset" 63
"C:/Users/Joe/Documents/Burning-of-the-Vainities/BookBurning/Content/Effects/Particles/Fire/P_TorchFire_Entrance.uasset" 64
"C:/Users/Joe/Documents/Burning-of-the-Vainities/BookBurning/Content/FirstPerson/Character/Mesh/SK_Mannequin_Arms_Skeleton.uasset" 65
"C:/Users/Joe/Documents/Burning-of-the-Vainities/BookBurning/Content/FirstPerson/Animations/FirstPerson_Fire.uasset" 66
"C:/Users/Joe/Documents/Burning-of-the-Vainities/BookBurning/Content/FirstPerson/Animations/FirstPersonFire_Montage.uasset" 67
"C:/Users/Joe/Documents/Burning-of-the-Vainities/BookBurning/Content/FirstPerson/Audio/FirstPersonTemplateWeaponFire02.uasset" 68
"C:/Users/Joe/Documents/Burning-of-the-Vainities/BookBurning/Content/FirstPerson/Character/Textures/UE4_LOGO_CARD.uasset" 69
"C:/Users/Joe/Documents/Burning-of-the-Vainities/BookBurning/Content/FirstPerson/FPWeapon/Materials/MaterialLayers/ML_Plastic_Shiny_Beige_LOGO.uasset" 70
"C:/Users/Joe/Documents/Burning-of-the-Vainities/BookBurning/Content/FirstPerson/FPWeapon/Materials/MaterialLayers/T_ML_FineRubber.uasset" 71
"C:/Users/Joe/Documents/Burning-of-the-Vainities/BookBurning/Content/FirstPerson/FPWeapon/Mesh/SK_FPGun_PhysicsAsset.uasset" 72
"C:/Users/Joe/Documents/Burning-of-the-Vainities/BookBurning/Content/FirstPerson/Meshes/BaseMaterial.uasset" 73
"C:/Users/Joe/Documents/Burning-of-the-Vainities/BookBurning/Content/FirstPerson/Meshes/FirstPersonProjectileMaterial.uasset" 74
"C:/Users/Joe/Documents/Burning-of-the-Vainities/BookBurning/Content/FirstPerson/Meshes/FirstPersonProjectileMesh.uasset" 75
"C:/Users/Joe/Documents/Burning-of-the-Vainities/BookBurning/Content/FirstPerson/Textures/FirstPersonCrosshair.uasset" 76
"C:/Users/Joe/Documents/Burning-of-the-Vainities/BookBurning/Content/Geometry/Meshes/CubeMaterial.uasset" 77
"C:/Users/Joe/Documents/Burning-of-the-Vainities/BookBurning/Content/Geometry/Meshes/1M_Cube_Chamfer.uasset" 78
"C:/Users/Joe/Documents/Burning-of-the-Vainities/BookBurning/Content/Geometry/Meshes/TemplateFloor.uasset" 79
"../../../Engine/Content/Functions/Engine_MaterialFunctions01/Opacity/CameraDepthFade.uasset" 80
"../../../Engine/Content/EngineMaterials/T_Default_Material_Grid_M.uasset" 81
"../../../Engine/Content/EngineMaterials/T_Default_Material_Grid_N.uasset" 82
"../../../Engine/Content/EngineMaterials/WorldGridMaterial.uasset" 83
"../../../Engine/Content/ArtTools/RenderToTexture/Meshes/S_1_Unit_Plane.uasset" 84
"../../../Engine/Content/EngineMaterials/DefaultMaterial.uasset" 85
"../../../Engine/Content/BasicShapes/Cone.uasset" 86
"../../../Engine/Content/BasicShapes/Cylinder.uasset" 87
"../../../Engine/Content/BasicShapes/Plane.uasset" 88
"../../../Engine/Content/BasicShapes/Sphere.uasset" 89
"../../../Engine/Content/EditorLandscapeResources/DataLayer.uasset" 90
"../../../Engine/Content/EditorMaterials/GizmoMaterial.uasset" 91
"../../../Engine/Content/EditorMaterials/MAT_Groups_Toggle.uasset" 92
"../../../Engine/Content/EditorMaterials/MAT_Groups_Visibility.uasset" 93
"../../../Engine/Content/EditorMaterials/PreviewShadowIndicator.uasset" 94
"../../../Engine/Content/EditorMaterials/PreviewShadowIndicatorMaterial.uasset" 95
"../../../Engine/Content/EditorMaterials/MatineeGroups/MAT_ColorTrack.uasset" 96
"../../../Engine/Content/EditorMaterials/MatineeGroups/MAT_Groups_Anim.uasset" 97
"../../../Engine/Content/EditorMaterials/MatineeGroups/MAT_Groups_AudioMaster.uasset" 98
"../../../Engine/Content/EditorMaterials/MatineeGroups/MAT_Groups_Director.uasset" 99
"../../../Engine/Content/EditorMaterials/MatineeGroups/MAT_Groups_Event.uasset" 100
"../../../Engine/Content/EditorMaterials/MatineeGroups/MAT_Groups_Fade.uasset" 101
"../../../Engine/Content/EditorMaterials/MatineeGroups/MAT_Groups_Float.uasset" 102
"../../../Engine/Content/EditorMaterials/MatineeGroups/MAT_Groups_Move.uasset" 103
"../../../Engine/Content/EditorMaterials/MatineeGroups/MAT_Groups_Slomo.uasset" 104
"../../../Engine/Content/EditorMaterials/MatineeGroups/MAT_Groups_Sound.uasset" 105
"../../../Engine/Content/EditorMaterials/MatineeGroups/MAT_Groups_Vector.uasset" 106
"../../../Engine/Content/EditorMaterials/ParticleSystems/PSysThumbnail_NoImage.uasset" 107
"../../../Engine/Content/EditorMaterials/ParticleSystems/PSysThumbnail_OOD.uasset" 108
"../../../Engine/Content/EditorMaterials/Camera/CineMat.uasset" 109
"../../../Engine/Content/EditorMaterials/Camera/MI_CineMat_Rig.uasset" 110
"../../../Engine/Content/EditorMeshes/Camera/SM_CraneRig_Arm.uasset" 111
"../../../Engine/Content/EditorMeshes/Camera/SM_CraneRig_Base.uasset" 112
"../../../Engine/Content/EditorMeshes/Camera/SM_CraneRig_Body.uasset" 113
"../../../Engine/Content/EditorMeshes/Camera/SM_CraneRig_Mount.uasset" 114
"../../../Engine/Content/EditorMeshes/Camera/SM_RailRig_Mount.uasset" 115
"../../../Engine/Content/EditorMeshes/Camera/SM_RailRig_Track.uasset" 116
"../../../Engine/Content/EditorResources/BSPVertex.uasset" 117
"../../../Engine/Content/EditorResources/EmptyActor.uasset" 118
"../../../Engine/Content/EditorResources/S_Actor.uasset" 119
"../../../Engine/Content/EditorResources/S_Trigger.uasset" 120
"../../../Engine/Content/EditorResources/LightIcons/S_LightError.uasset" 121
"../../../Engine/Content/EditorResources/SequenceRecorder/Countdown.uasset" 122
"../../../Engine/Content/EditorResources/SequenceRecorder/RecordingIndicator.uasset" 123
"../../../Engine/Content/EditorSounds/Notifications/CompileFailed.uasset" 124
"../../../Engine/Content/EditorSounds/Notifications/CompileFailed_Cue.uasset" 125
"../../../Engine/Content/EditorSounds/Notifications/CompileSuccess.uasset" 126
"../../../Engine/Content/EditorSounds/Notifications/CompileStart_Cue.uasset" 127
"../../../Engine/Content/EditorSounds/Notifications/CompileSuccess_Cue.uasset" 128
"../../../Engine/Content/EngineDamageTypes/DmgTypeBP_Environmental.uasset" 129
"../../../Engine/Content/EngineDebugMaterials/HeatmapGradient.uasset" 130
"../../../Engine/Content/EngineDebugMaterials/BoneWeightMaterial.uasset" 131
"../../../Engine/Content/EngineDebugMaterials/ClothMaterial.uasset" 132
"../../../Engine/Content/EngineDebugMaterials/ClothMaterial_WF.uasset" 133
"../../../Engine/Content/EngineDebugMaterials/DebugEditorMaterial.uasset" 134
"../../../Engine/Content/EngineDebugMaterials/DebugMeshMaterial.uasset" 135
"../../../Engine/Content/EngineDebugMaterials/GeomMaterial.uasset" 136
"../../../Engine/Content/EngineDebugMaterials/M_SimpleTranslucent.uasset" 137
"../../../Engine/Content/EngineFonts/Faces/RobotoBold.uasset" 138
"../../../Engine/Content/EngineFonts/Faces/RobotoBoldItalic.uasset" 139
"../../../Engine/Content/EngineFonts/Faces/RobotoItalic.uasset" 140
"../../../Engine/Content/EngineFonts/Faces/RobotoLight.uasset" 141
"../../../Engine/Content/EngineFonts/Faces/RobotoRegular.uasset" 142
"../../../Engine/Content/EngineFonts/Roboto.uasset" 143
"../../../Engine/Content/EngineFonts/Faces/RobotoTiny.uasset" 144
"../../../Engine/Content/EngineFonts/RobotoTiny.uasset" 145
"../../../Engine/Content/EngineMaterials/BaseFlattenDiffuseMap.uasset" 146
"../../../Engine/Content/EngineMaterials/BaseFlattenEmissiveMap.uasset" 147
"../../../Engine/Content/EngineMaterials/BaseFlattenGrayscaleMap.uasset" 148
"../../../Engine/Content/EngineMaterials/BaseFlattenNormalMap.uasset" 149
"../../../Engine/Content/EngineMaterials/BaseFlattenMaterial.uasset" 150
"../../../Engine/Content/EngineMaterials/DefaultBloomKernel.uasset" 151
"../../../Engine/Content/EngineMaterials/DefaultBokeh.uasset" 152
"../../../Engine/Content/EngineMaterials/DefaultDiffuse.uasset" 153
"../../../Engine/Content/EngineMaterials/DefaultDeferredDecalMaterial.uasset" 154
"../../../Engine/Content/EngineMaterials/DefaultLightFunctionMaterial.uasset" 155
"../../../Engine/Content/EngineMaterials/DefaultPhysicalMaterial.uasset" 156
"../../../Engine/Content/Functions/Engine_MaterialFunctions02/Utility/BreakOutFloat2Components.uasset" 157
"../../../Engine/Content/EngineMaterials/DefaultPostProcessMaterial.uasset" 158
"../../../Engine/Content/EngineFonts/RobotoDistanceField.uasset" 159
"../../../Engine/Content/EngineMaterials/DefaultTextMaterialOpaque.uasset" 160
"../../../Engine/Content/EngineMaterials/DefaultWhiteGrid.uasset" 161
"../../../Engine/Content/EngineMaterials/EditorBrushMaterial.uasset" 162
"../../../Engine/Content/EngineMaterials/Good64x64TilingNoiseHighFreq.uasset" 163
"../../../Engine/Content/EngineMaterials/MiniFont.uasset" 164
"../../../Engine/Content/EngineMaterials/InvalidLightmapSettings.uasset" 165
"../../../Engine/Content/EngineMaterials/M_InvalidLightmapSettings.uasset" 166
"../../../Engine/Content/Functions/Engine_MaterialFunctions02/WorldPositionOffset/CameraOffset.uasset" 167
"../../../Engine/Content/EngineMaterials/PhAT_JointLimitMaterial.uasset" 168
"../../../Engine/Content/EngineMaterials/PreintegratedSkinBRDF.uasset" 169
"../../../Engine/Content/EngineMaterials/RemoveSurfaceMaterial.uasset" 170
"../../../Engine/Content/EngineMaterials/WeightMapPlaceholderTexture.uasset" 171
"../../../Engine/Content/EngineResources/WhiteSquareTexture.uasset" 172
"../../../Engine/Content/EngineMaterials/Widget3DPassThrough.uasset" 173
"../../../Engine/Content/EngineMaterials/Widget3DPassThrough_Masked.uasset" 174
"../../../Engine/Content/EngineMaterials/Widget3DPassThrough_Opaque.uasset" 175
"../../../Engine/Content/EngineMaterials/Widget3DPassThrough_Masked_OneSided.uasset" 176
"../../../Engine/Content/EngineMaterials/Widget3DPassThrough_Opaque_OneSided.uasset" 177
"../../../Engine/Content/EngineMaterials/Widget3DPassThrough_Translucent.uasset" 178
"../../../Engine/Content/EngineMaterials/Widget3DPassThrough_Translucent_OneSided.uasset" 179
"../../../Engine/Content/EngineMeshes/Cylinder.uasset" 180
"../../../Engine/Content/EngineMeshes/Sphere.uasset" 181
"../../../Engine/Content/EngineResources/Black.uasset" 182
"../../../Engine/Content/EngineResources/DefaultTexture.uasset" 183
"../../../Engine/Content/EngineResources/DefaultTextureCube.uasset" 184
"../../../Engine/Content/EngineResources/DefaultVolumeTexture2D.uasset" 185
"../../../Engine/Content/EngineResources/DefaultVolumeTexture.uasset" 186
"../../../Engine/Content/EngineResources/GradientTexture0.uasset" 187
"../../../Engine/Content/EngineSounds/Master.uasset" 188
"../../../Engine/Content/Functions/Engine_MaterialFunctions01/Shading/ConvertFromDiffSpec.uasset" 189
"../../../Engine/Content/Functions/Engine_MaterialFunctions01/Shading/PowerToRoughness.uasset" 190
"../../../Engine/Content/Maps/Templates/Thumbnails/Default.uasset" 191
"../../../Engine/Content/Maps/Templates/Thumbnails/VR-Basic.uasset" 192
"../../../Engine/Content/MobileResources/T_MobileControls_texture.uasset" 193
"../../../Engine/Content/MobileResources/T_MobileMenu2.uasset" 194
"../../../Engine/Content/MobileResources/HUD/AnalogHat.uasset" 195
"../../../Engine/Content/MobileResources/HUD/VirtualJoystick_Background.uasset" 196
"../../../Engine/Content/MobileResources/HUD/VirtualJoystick_Thumb.uasset" 197
"../../../Engine/Content/MobileResources/HUD/DefaultVirtualJoysticks.uasset" 198
"../../../Engine/Content/MobileResources/HUD/LeftVirtualJoystickOnly.uasset" 199
"../../../Engine/Content/MobileResources/HUD/MobileHUDButton1_off.uasset" 200
"../../../Engine/Content/MobileResources/HUD/MobileHUDButton1_on.uasset" 201
"../../../Engine/Content/MobileResources/HUD/MobileHUDButton2_off.uasset" 202
"../../../Engine/Content/MobileResources/HUD/MobileHUDButton2_on.uasset" 203
"../../../Engine/Content/MobileResources/HUD/MobileHUDButton3.uasset" 204
"../../../Engine/Content/MobileResources/HUD/MobileHUDButtonFire.uasset" 205
"../../../Engine/Content/MobileResources/HUD/MobileHUDDirectionPad.uasset" 206
"../../../Engine/Content/MobileResources/HUD/MobileHUDDirectionPad2.uasset" 207
"../../../Engine/Content/MobileResources/HUD/MobileHUDDirectionPad3.uasset" 208
"../../../Engine/Content/MobileResources/HUD/MobileHUDDirectionStick.uasset" 209
"../../../Engine/Content/MobileResources/HUD/T_Castle_ThumbstickInner.uasset" 210
"../../../Engine/Content/MobileResources/HUD/T_Castle_ThumbstickOutter.uasset" 211
"../../../Engine/Content/Tutorial/ContentIntroCurve.uasset" 212
"../../../Engine/Content/Tutorial/Basics/TutorialAssets/icon_tab_Levels_40x.uasset" 213
"../../../Engine/Content/Tutorial/Mobile/TutorialAssets/IOS.uasset" 214
"../../../Engine/Content/VREditor/LaserPointer/VR_LaserPower_01.uasset" 215
"../../../Engine/Content/VREditor/TransformGizmo/TransformGizmoMaterial.uasset" 216
"../../../Engine/Content/VREditor/TransformGizmo/TranslucentTransformGizmoMaterial.uasset" 217
"../../../Engine/Content/VREditor/TransformGizmo/BoundingBoxCorner.uasset" 218
"../../../Engine/Content/VREditor/TransformGizmo/BoundingBoxEdge.uasset" 219
"../../../Engine/Content/VREditor/TransformGizmo/PlaneTranslationHandle.uasset" 220
"../../../Engine/Content/VREditor/TransformGizmo/Main.uasset" 221
"../../../Engine/Content/VREditor/TransformGizmo/Xray.uasset" 222
"../../../Engine/Content/VREditor/TransformGizmo/SM_Sequencer_Key.uasset" 223
"../../../Engine/Content/VREditor/TransformGizmo/SM_Sequencer_Node.uasset" 224
"../../Plugins/2D/Paper2D/Content/PlaceholderTextures/DummySpriteTexture.uasset" 225
"../../Plugins/2D/Paper2D/Content/DummySprite.uasset" 226
"../../Plugins/2D/Paper2D/Content/DefaultPaperTerrainMaterial.uasset" 227
"../../Plugins/2D/Paper2D/Content/DefaultSpriteMaterial.uasset" 228
"../../Plugins/2D/Paper2D/Content/MaskedUnlitSpriteMaterial.uasset" 229
"../../Plugins/2D/Paper2D/Content/OpaqueUnlitSpriteMaterial.uasset" 230
"../../Plugins/Runtime/Oculus/OculusVR/Content/Materials/PokeAHoleMaterial.uasset" 231
"../../Plugins/Runtime/Oculus/OculusVR/Content/Textures/GearVRController_AO.uasset" 232
"../../Plugins/Runtime/Oculus/OculusVR/Content/Textures/GearVRController_Color.uasset" 233
"../../Plugins/Runtime/Oculus/OculusVR/Content/Textures/GearVRController_Normal.uasset" 234
"../../Plugins/Runtime/Oculus/OculusVR/Content/Materials/GearVRControllerMaterial.uasset" 235
"../../Plugins/Runtime/Oculus/OculusVR/Content/Meshes/GearVrController.uasset" 236
"../../Plugins/Runtime/Oculus/OculusVR/Content/Textures/touchController_albedo.uasset" 237
"../../Plugins/Runtime/Oculus/OculusVR/Content/Textures/touchController_controlmap.uasset" 238
"../../Plugins/Runtime/Oculus/OculusVR/Content/Materials/touchController_mat.uasset" 239
"../../Plugins/Runtime/Oculus/OculusVR/Content/Meshes/LeftTouchController.uasset" 240
"../../Plugins/Runtime/Oculus/OculusVR/Content/Meshes/RiftHMD.uasset" 241
"../../Plugins/Runtime/Oculus/OculusVR/Content/Meshes/RightTouchController.uasset" 242
"C:/Users/Joe/Documents/Burning-of-the-Vainities/BookBurning/Content/FirstPerson/Animations/FirstPerson_Idle.uasset" 243
"C:/Users/Joe/Documents/Burning-of-the-Vainities/BookBurning/Content/FirstPerson/Animations/FirstPerson_JumpEnd.uasset" 244
"C:/Users/Joe/Documents/Burning-of-the-Vainities/BookBurning/Content/FirstPerson/Animations/FirstPerson_JumpLoop.uasset" 245
"C:/Users/Joe/Documents/Burning-of-the-Vainities/BookBurning/Content/FirstPerson/Animations/FirstPerson_JumpStart.uasset" 246
"C:/Users/Joe/Documents/Burning-of-the-Vainities/BookBurning/Content/FirstPerson/Animations/FirstPerson_Run.uasset" 247
"../../../Engine/Content/EditorBlueprintResources/StandardMacros.uasset" 248
"C:/Users/Joe/Documents/Burning-of-the-Vainities/BookBurning/Content/FirstPerson/Animations/FirstPerson_AnimBP.uasset" 249
"C:/Users/Joe/Documents/Burning-of-the-Vainities/BookBurning/Content/Books/Material/M_Book_Base.uasset" 250
"C:/Users/Joe/Documents/Burning-of-the-Vainities/BookBurning/Content/Books/Meshes/Book_Mesh_01.uasset" 251
"C:/Users/Joe/Documents/Burning-of-the-Vainities/BookBurning/Content/FirstPersonBP/Blueprints/Book_Blueprint.uasset" 252
"C:/Users/Joe/Documents/Burning-of-the-Vainities/BookBurning/Content/FirstPersonBP/Blueprints/BookInstance.uasset" 253
"../../../Engine/Content/Functions/Engine_MaterialFunctions02/Utility/BlendAngleCorrectedNormals.uasset" 254
"../../../Engine/Content/Functions/MaterialLayerFunctions/MatLayerBlend_NormalBlend.uasset" 255
"../../../Engine/Content/Functions/MaterialLayerFunctions/MatLayerBlend_Simple.uasset" 256
"C:/Users/Joe/Documents/Burning-of-the-Vainities/BookBurning/Content/FirstPerson/Character/Materials/MaterialLayers/T_ML_Rubber_Blue_01_D.uasset" 257
"C:/Users/Joe/Documents/Burning-of-the-Vainities/BookBurning/Content/FirstPerson/Character/Materials/MaterialLayers/T_ML_Rubber_Blue_01_N.uasset" 258
"C:/Users/Joe/Documents/Burning-of-the-Vainities/BookBurning/Content/FirstPerson/Character/Materials/MaterialLayers/ML_GlossyBlack_Latex_UE4.uasset" 259
"C:/Users/Joe/Documents/Burning-of-the-Vainities/BookBurning/Content/FirstPerson/Character/Materials/MaterialLayers/ML_Plastic_Shiny_Beige.uasset" 260
"C:/Users/Joe/Documents/Burning-of-the-Vainities/BookBurning/Content/FirstPerson/Character/Materials/MaterialLayers/ML_Plastic_Shiny_Beige_LOGO.uasset" 261
"C:/Users/Joe/Documents/Burning-of-the-Vainities/BookBurning/Content/FirstPerson/Character/Materials/MaterialLayers/T_ML_Aluminum01.uasset" 262
"C:/Users/Joe/Documents/Burning-of-the-Vainities/BookBurning/Content/FirstPerson/Character/Materials/MaterialLayers/T_ML_Aluminum01_N.uasset" 263
"C:/Users/Joe/Documents/Burning-of-the-Vainities/BookBurning/Content/FirstPerson/Character/Materials/MaterialLayers/ML_SoftMetal_UE4.uasset" 264
"C:/Users/Joe/Documents/Burning-of-the-Vainities/BookBurning/Content/FirstPerson/Character/Textures/UE4_Mannequin__normals.uasset" 265
"C:/Users/Joe/Documents/Burning-of-the-Vainities/BookBurning/Content/FirstPerson/Character/Textures/UE4_Mannequin_MAT_MASKA.uasset" 266
"C:/Users/Joe/Documents/Burning-of-the-Vainities/BookBurning/Content/FirstPerson/Character/Materials/M_UE4Man_Body.uasset" 267
"C:/Users/Joe/Documents/Burning-of-the-Vainities/BookBurning/Content/FirstPerson/Character/Mesh/SK_Mannequin_Arms_PhysicsAsset.uasset" 268
"C:/Users/Joe/Documents/Burning-of-the-Vainities/BookBurning/Content/FirstPerson/Character/Mesh/SK_Mannequin_Arms.uasset" 269
"C:/Users/Joe/Documents/Burning-of-the-Vainities/BookBurning/Content/FirstPerson/FPWeapon/Materials/MaterialLayers/T_ML_Rubber_Blue_01_D.uasset" 270
"C:/Users/Joe/Documents/Burning-of-the-Vainities/BookBurning/Content/FirstPerson/FPWeapon/Materials/MaterialLayers/T_ML_Rubber_Blue_01_N.uasset" 271
"C:/Users/Joe/Documents/Burning-of-the-Vainities/BookBurning/Content/FirstPerson/FPWeapon/Materials/MaterialLayers/ML_GlossyBlack_Latex_UE4.uasset" 272
"C:/Users/Joe/Documents/Burning-of-the-Vainities/BookBurning/Content/FirstPerson/FPWeapon/Materials/MaterialLayers/ML_Plastic_Shiny_Beige.uasset" 273
"C:/Users/Joe/Documents/Burning-of-the-Vainities/BookBurning/Content/FirstPerson/FPWeapon/Materials/MaterialLayers/ML_Screen.uasset" 274
"C:/Users/Joe/Documents/Burning-of-the-Vainities/BookBurning/Content/FirstPerson/FPWeapon/Materials/MaterialLayers/T_ML_Aluminum01.uasset" 275
"C:/Users/Joe/Documents/Burning-of-the-Vainities/BookBurning/Content/FirstPerson/FPWeapon/Materials/MaterialLayers/T_ML_Aluminum01_N.uasset" 276
"C:/Users/Joe/Documents/Burning-of-the-Vainities/BookBurning/Content/FirstPerson/FPWeapon/Materials/MaterialLayers/ML_SoftMetal_UE4.uasset" 277
"C:/Users/Joe/Documents/Burning-of-the-Vainities/BookBurning/Content/FirstPerson/FPWeapon/Textures/T_FPGun_M.uasset" 278
"C:/Users/Joe/Documents/Burning-of-the-Vainities/BookBurning/Content/FirstPerson/FPWeapon/Textures/T_FPGun_N.uasset" 279
"C:/Users/Joe/Documents/Burning-of-the-Vainities/BookBurning/Content/FirstPerson/FPWeapon/Materials/M_FPGun.uasset" 280
"C:/Users/Joe/Documents/Burning-of-the-Vainities/BookBurning/Content/FirstPerson/FPWeapon/Mesh/SK_FPGun_Skeleton.uasset" 281
"C:/Users/Joe/Documents/Burning-of-the-Vainities/BookBurning/Content/FirstPerson/FPWeapon/Mesh/SK_FPGun.uasset" 282
"C:/Users/Joe/Documents/Burning-of-the-Vainities/BookBurning/Content/FirstPersonBP/Blueprints/ControlsWidget.uasset" 283
"C:/Users/Joe/Documents/Burning-of-the-Vainities/BookBurning/Content/FirstPersonBP/Blueprints/HUDWidget.uasset" 284
"../../../Engine/Content/EngineFonts/Faces/DroidSansMono.uasset" 285
"../../../Engine/Content/EngineFonts/DroidSansMono.uasset" 286
"C:/Users/Joe/Documents/Burning-of-the-Vainities/BookBurning/Content/FirstPersonBP/Blueprints/PressEnter_Widget.uasset" 287
"C:/Users/Joe/Documents/Burning-of-the-Vainities/BookBurning/Content/FirstPersonBP/Blueprints/QuitGameWidget.uasset" 288
"C:/Users/Joe/Documents/Burning-of-the-Vainities/BookBurning/Content/FirstPersonBP/Blueprints/FirstPersonCharacter.uasset" 289
"../../../Engine/Content/EngineSky/C_Sky_Cloud_Color.uasset" 290
"../../../Engine/Content/EngineSky/C_Sky_Horizon_Color.uasset" 291
"../../../Engine/Content/EngineSky/C_Sky_Zenith_Color.uasset" 292
"../../../Engine/Content/EngineSky/T_Sky_Blue.uasset" 293
"../../../Engine/Content/EngineSky/T_Sky_Clouds_M.uasset" 294
"../../../Engine/Content/EngineSky/T_Sky_Stars.uasset" 295
"../../../Engine/Content/EngineSky/M_Sky_Panning_Clouds2.uasset" 296
"../../../Engine/Content/EngineSky/SM_SkySphere.uasset" 297
"../../../Engine/Content/EngineSky/BP_Sky_Sphere.uasset" 298
"../../../Engine/Content/BasicShapes/BasicShapeMaterial.uasset" 299
"../../../Engine/Content/MaterialTemplates/PerfTricks/M_ContrastUsingLerp.uasset" 300
"C:/Users/Joe/Documents/Burning-of-the-Vainities/BookBurning/Content/FirstPerson/Meshes/CubeMaterialOverride.uasset" 301
"../../../Engine/Content/BasicShapes/Cube.uasset" 302
"C:/Users/Joe/Documents/Burning-of-the-Vainities/BookBurning/Content/Effects/Particles/Fire/P_LargeFire.uasset" 303
"C:/Users/Joe/Documents/Burning-of-the-Vainities/BookBurning/Content/Effects/Particles/Fire/P_TorchFire.uasset" 304
"C:/Users/Joe/Documents/Burning-of-the-Vainities/BookBurning/Content/Geometry/Meshes/1M_Cube.uasset" 305
"C:/Users/Joe/Documents/Burning-of-the-Vainities/BookBurning/Content/FirstPersonBP/Blueprints/Fireplace_BP.uasset" 306
"C:/Users/Joe/Documents/Burning-of-the-Vainities/BookBurning/Content/FirstPerson/Textures/aimer.uasset" 307
"C:/Users/Joe/Documents/Burning-of-the-Vainities/BookBurning/Content/FirstPersonBP/Blueprints/FirstPersonHUD.uasset" 308
"C:/Users/Joe/Documents/Burning-of-the-Vainities/BookBurning/Content/FirstPersonBP/Blueprints/FirstPersonGameMode.uasset" 309
"C:/Users/Joe/Documents/Burning-of-the-Vainities/BookBurning/Content/FirstPersonBP/Maps/Chaos1_BuiltData.uasset" 310
"../../../Engine/Content/MapTemplates/Materials/BasicAsset02.uasset" 311
"C:/Users/Joe/Documents/Burning-of-the-Vainities/BookBurning/Content/FirstPersonBP/Maps/Chaos1.umap" 312
"C:/Users/Joe/Documents/Burning-of-the-Vainities/BookBurning/Content/FirstPersonBP/Maps/Chaos2_BuiltData.uasset" 313
"C:/Users/Joe/Documents/Burning-of-the-Vainities/BookBurning/Content/FirstPersonBP/Maps/Chaos2.umap" 314
"C:/Users/Joe/Documents/Burning-of-the-Vainities/BookBurning/Content/FirstPersonBP/Maps/Chaos3_BuiltData.uasset" 315
"C:/Users/Joe/Documents/Burning-of-the-Vainities/BookBurning/Content/FirstPersonBP/Maps/Chaos3.umap" 316
"C:/Users/Joe/Documents/Burning-of-the-Vainities/BookBurning/Content/FirstPersonBP/Maps/Chaos4_BuiltData.uasset" 317
"C:/Users/Joe/Documents/Burning-of-the-Vainities/BookBurning/Content/FirstPersonBP/Maps/Chaos4.umap" 318
"C:/Users/Joe/Documents/Burning-of-the-Vainities/BookBurning/Content/FirstPersonBP/Maps/Default_Neutral_Map_BuiltData.uasset" 319
"C:/Users/Joe/Documents/Burning-of-the-Vainities/BookBurning/Content/FirstPersonBP/Blueprints/BeginPlay_Widget.uasset" 320
"C:/Users/Joe/Documents/Burning-of-the-Vainities/BookBurning/Content/FirstPersonBP/Maps/Default_Neutral_Map.umap" 321
"C:/Users/Joe/Documents/Burning-of-the-Vainities/BookBurning/Content/FirstPersonBP/Maps/Order1_BuiltData.uasset" 322
"C:/Users/Joe/Documents/Burning-of-the-Vainities/BookBurning/Content/FirstPersonBP/Maps/Order1.umap" 323
"C:/Users/Joe/Documents/Burning-of-the-Vainities/BookBurning/Content/FirstPersonBP/Maps/Order2_BuiltData.uasset" 324
"C:/Users/Joe/Documents/Burning-of-the-Vainities/BookBurning/Content/FirstPersonBP/Maps/Order2.umap" 325
"C:/Users/Joe/Documents/Burning-of-the-Vainities/BookBurning/Content/FirstPersonBP/Maps/Order3_BuiltData.uasset" 326
"C:/Users/Joe/Documents/Burning-of-the-Vainities/BookBurning/Content/FirstPersonBP/Maps/Order3.umap" 327
"C:/Users/Joe/Documents/Burning-of-the-Vainities/BookBurning/Content/FirstPersonBP/Maps/Order4_BuiltData.uasset" 328
"C:/Users/Joe/Documents/Burning-of-the-Vainities/BookBurning/Content/FirstPersonBP/Maps/Order4.umap" 329
"../../../Engine/Content/Maps/Entry_BuiltData.uasset" 330
"../../../Engine/Content/Maps/Entry.umap" 331
