Log file open, 11/09/18 15:20:29
LogWindows: Failed to load 'aqProf.dll' (GetLastError=126)
LogWindows: File 'aqProf.dll' does not exist
LogWindows: Failed to load 'VSPerf140.dll' (GetLastError=126)
LogWindows: File 'VSPerf140.dll' does not exist
LogWindows: Failed to load 'VtuneApi.dll' (GetLastError=126)
LogWindows: File 'VtuneApi.dll' does not exist
LogWindows: Failed to load 'VtuneApi32e.dll' (GetLastError=126)
LogWindows: File 'VtuneApi32e.dll' does not exist
LogInit: Display: Running engine for game: BookBurning
LogPlatformFile: Not using cached read wrapper
LogTaskGraph: Started task graph with 5 named threads and 14 total threads with 3 sets of task threads.
LogStats: Stats thread started at 3.148726
LogD3D11RHI: Loaded GFSDK_Aftermath_Lib.x64.dll
LogICUInternationalization: Display: ICU TimeZone Detection - Raw Offset: +12:00, Platform Override: ''
LogPluginManager: Mounting plugin Paper2D
LogPluginManager: Mounting plugin AISupport
LogPluginManager: Mounting plugin LightPropagationVolume
LogPluginManager: Mounting plugin CLionSourceCodeAccess
LogPluginManager: Mounting plugin CodeLiteSourceCodeAccess
LogPluginManager: Mounting plugin GitSourceControl
LogPluginManager: Mounting plugin KDevelopSourceCodeAccess
LogPluginManager: Mounting plugin NullSourceCodeAccess
LogPluginManager: Mounting plugin PerforceSourceControl
LogPluginManager: Mounting plugin SubversionSourceControl
LogPluginManager: Mounting plugin UObjectPlugin
LogPluginManager: Mounting plugin VisualStudioCodeSourceCodeAccess
LogPluginManager: Mounting plugin VisualStudioSourceCodeAccess
LogPluginManager: Mounting plugin XCodeSourceCodeAccess
LogPluginManager: Mounting plugin AssetManagerEditor
LogPluginManager: Mounting plugin CryptoKeys
LogPluginManager: Mounting plugin DataValidation
LogPluginManager: Mounting plugin FacialAnimation
LogPluginManager: Mounting plugin GameplayTagsEditor
LogPluginManager: Mounting plugin MacGraphicsSwitching
LogPluginManager: Mounting plugin MeshEditor
LogPluginManager: Mounting plugin MobileLauncherProfileWizard
LogPluginManager: Mounting plugin PluginBrowser
LogPluginManager: Mounting plugin SpeedTreeImporter
LogPluginManager: Mounting plugin DatasmithContent
LogPluginManager: Mounting plugin AlembicImporter
LogPluginManager: Mounting plugin AppleImageUtils
LogPluginManager: Mounting plugin AppleVision
LogPluginManager: Mounting plugin BackChannel
LogPluginManager: Mounting plugin CharacterAI
LogPluginManager: Mounting plugin GeometryCache
LogPluginManager: Mounting plugin HTML5Networking
LogPluginManager: Mounting plugin ProxyLODPlugin
LogPluginManager: Mounting plugin MagicLeap
LogPluginManager: Mounting plugin MagicLeapEmulator
LogPluginManager: Mounting plugin MagicLeapMedia
LogPluginManager: Mounting plugin AndroidMedia
LogPluginManager: Mounting plugin AvfMedia
LogPluginManager: Mounting plugin ImgMedia
LogPluginManager: Mounting plugin LinearTimecode
LogPluginManager: Mounting plugin MediaCompositing
LogPluginManager: Mounting plugin MediaPlayerEditor
LogPluginManager: Mounting plugin WmfMedia
LogPluginManager: Mounting plugin TcpMessaging
LogPluginManager: Mounting plugin UdpMessaging
LogPluginManager: Mounting plugin ActorSequence
LogPluginManager: Mounting plugin LevelSequenceEditor
LogPluginManager: Mounting plugin MatineeToLevelSequence
LogPluginManager: Mounting plugin NetcodeUnitTest
LogPluginManager: Mounting plugin NUTUnrealEngine4
LogPluginManager: Mounting plugin OnlineSubsystemGooglePlay
LogPluginManager: Mounting plugin OnlineSubsystemIOS
LogPluginManager: Mounting plugin OnlineSubsystem
LogPluginManager: Mounting plugin OnlineSubsystemNull
LogPluginManager: Mounting plugin OnlineSubsystemUtils
LogPluginManager: Mounting plugin LauncherChunkInstaller
LogPluginManager: Mounting plugin AndroidDeviceProfileSelector
LogPluginManager: Mounting plugin AndroidMoviePlayer
LogPluginManager: Mounting plugin AndroidPermission
LogPluginManager: Mounting plugin AppleMoviePlayer
LogPluginManager: Mounting plugin ArchVisCharacter
LogPluginManager: Mounting plugin AudioCapture
LogPluginManager: Mounting plugin CableComponent
LogPluginManager: Mounting plugin CustomMeshComponent
LogPluginManager: Mounting plugin EditableMesh
LogPluginManager: Mounting plugin ExampleDeviceProfileSelector
LogPluginManager: Mounting plugin GoogleCloudMessaging
LogPluginManager: Mounting plugin ImmediatePhysics
LogPluginManager: Mounting plugin IOSDeviceProfileSelector
LogPluginManager: Mounting plugin LinuxDeviceProfileSelector
LogPluginManager: Mounting plugin LocationServicesBPLibrary
LogPluginManager: Mounting plugin MobilePatchingUtils
LogPluginManager: Mounting plugin OculusVR
LogPluginManager: Plugin shader directory ../../../Engine/Plugins/Runtime/Oculus/OculusVR/Shaders found
LogPluginManager: Mapping shader source directory ../../../Engine/Plugins/Runtime/Oculus/OculusVR/Shaders to virtual directory /Plugin/OculusVR
LogPluginManager: Mounting plugin PhysXVehicles
LogPluginManager: Mounting plugin ProceduralMeshComponent
LogPluginManager: Mounting plugin RuntimePhysXCooking
LogPluginManager: Mounting plugin SteamVR
LogPluginManager: Mounting plugin WindowsMoviePlayer
LogStreaming: Display: Took  0.253s to configure plugins.
LogInit: Using libcurl 7.55.1-DEV
LogInit:  - built for x86_64-pc-win32
LogInit:  - supports SSL with OpenSSL/1.0.2h
LogInit:  - supports HTTP deflate (compression) using libz 1.2.8
LogInit:  - other features:
LogInit:      CURL_VERSION_SSL
LogInit:      CURL_VERSION_LIBZ
LogInit:      CURL_VERSION_IPV6
LogInit:      CURL_VERSION_ASYNCHDNS
LogInit:      CURL_VERSION_LARGEFILE
LogInit:      CURL_VERSION_IDN
LogInit:  CurlRequestOptions (configurable via config and command line):
LogInit:  - bVerifyPeer = false  - Libcurl will NOT verify peer certificate
LogInit:  - bUseHttpProxy = false  - Libcurl will NOT use HTTP proxy
LogInit:  - bDontReuseConnections = false  - Libcurl will reuse connections
LogInit:  - CertBundlePath = nullptr  - Libcurl will use whatever was configured at build time.
LogInit:  - MaxHostConnections = 16  - Libcurl will limit the number of connections to a host
LogInit:  - LocalHostAddr = Default
LogInit:  - BufferSize = 65536
LogInit: WinSock: version 1.1 (2.2), MaxSocks=32767, MaxUdp=65467
LogInit: Build: ++UE4+Release-4.20-CL-4369336
LogInit: Engine Version: 4.20.3-4369336+++UE4+Release-4.20
LogInit: Compatible Engine Version: 4.20.0-4212847+++UE4+Release-4.20
LogInit: Net CL: 4212847
LogInit: OS: Windows 10 (), CPU: Intel(R) Core(TM) i5-6600K CPU @ 3.50GHz, GPU: Intel(R) HD Graphics 530
LogInit: Compiled (64-bit): Sep 17 2018 12:26:19
LogInit: Compiled with Visual C++: 19.13.26129.00
LogInit: Build Configuration: Development
LogInit: Branch Name: ++UE4+Release-4.20
LogInit: Command Line:  
LogInit: Base Directory: E:/Games/UE_4.20/Engine/Binaries/Win64/
LogInit: Installed Engine Build: 1
LogDevObjectVersion: Number of dev versions registered: 20
LogDevObjectVersion:   Dev-Blueprints (B0D832E4-1F89-4F0D-ACCF-7EB736FD4AA2): 10
LogDevObjectVersion:   Dev-Build (E1C64328-A22C-4D53-A36C-8E866417BD8C): 0
LogDevObjectVersion:   Dev-Core (375EC13C-06E4-48FB-B500-84F0262A717E): 2
LogDevObjectVersion:   Dev-Editor (E4B068ED-F494-42E9-A231-DA0B2E46BB41): 24
LogDevObjectVersion:   Dev-Framework (CFFC743F-43B0-4480-9391-14DF171D2073): 34
LogDevObjectVersion:   Dev-Mobile (B02B49B5-BB20-44E9-A304-32B752E40360): 2
LogDevObjectVersion:   Dev-Networking (A4E4105C-59A1-49B5-A7C5-40C4547EDFEE): 0
LogDevObjectVersion:   Dev-Online (39C831C9-5AE6-47DC-9A44-9C173E1C8E7C): 0
LogDevObjectVersion:   Dev-Physics (78F01B33-EBEA-4F98-B9B4-84EACCB95AA2): 0
LogDevObjectVersion:   Dev-Platform (6631380F-2D4D-43E0-8009-CF276956A95A): 0
LogDevObjectVersion:   Dev-Rendering (12F88B9F-8875-4AFC-A67C-D90C383ABD29): 26
LogDevObjectVersion:   Dev-Sequencer (7B5AE74C-D270-4C10-A958-57980B212A5A): 9
LogDevObjectVersion:   Dev-VR (D7296918-1DD6-4BDD-9DE2-64A83CC13884): 2
LogDevObjectVersion:   Dev-LoadTimes (C2A15278-BFE7-4AFE-6C17-90FF531DF755): 1
LogDevObjectVersion:   Private-Geometry (6EACA3D4-40EC-4CC1-B786-8BED09428FC5): 3
LogDevObjectVersion:   Dev-AnimPhys (29E575DD-E0A3-4627-9D10-D276232CDCEA): 17
LogDevObjectVersion:   Dev-ReflectionCapture (6B266CEC-1EC7-4B8F-A30B-E4D90942FC07): 1
LogDevObjectVersion:   Dev-Automation (0DF73D61-A23F-47EA-B727-89E90C41499A): 1
LogDevObjectVersion:   FortniteMain (601D1886-AC64-4F84-AA16-D3DE0DEAC7D6): 12
LogDevObjectVersion:   Dev-Enterprise (9DFFBCD6-494F-0158-E221-12823C92A888): 1
LogStreaming: Display: Took  0.000s to delete old logs.
LogInit: Presizing for max 8388607 objects, including 0 objects not considered by GC, pre-allocating 0 bytes for permanent pool.
LogInit: Object subsystem initialized
[2018.11.09-02.20.32:994][  0]LogInit: Selected Device Profile: [Windows]
[2018.11.09-02.20.32:995][  0]LogInit: Applying CVar settings loaded from the selected device profile: [Windows]
[2018.11.09-02.20.33:030][  0]LogHAL: Display: Platform has ~ 16 GB [17074413568 / 17179869184 / 16], which maps to Larger [LargestMinGB=32, LargerMinGB=12, DefaultMinGB=8, SmallerMinGB=6, SmallestMinGB=0)
[2018.11.09-02.20.33:041][  0]LogInit: Setting Device Profile CVar: [[r.Vulkan.UseRealUBs:1]]
[2018.11.09-02.20.33:042][  0]LogInit: Going up to parent DeviceProfile []
[2018.11.09-02.20.33:112][  0]LogInit: Computer: SOURAPPLE
[2018.11.09-02.20.33:112][  0]LogInit: User: Joe
[2018.11.09-02.20.33:112][  0]LogInit: CPU Page size=4096, Cores=4
[2018.11.09-02.20.33:112][  0]LogInit: High frequency timer resolution =3.421876 MHz
[2018.11.09-02.20.33:112][  0]LogMemory: Memory total: Physical=15.9GB (16GB approx)
[2018.11.09-02.20.33:112][  0]LogMemory: Platform Memory Stats for Windows
[2018.11.09-02.20.33:112][  0]LogMemory: Process Physical Memory: 100.07 MB used, 100.07 MB peak
[2018.11.09-02.20.33:112][  0]LogMemory: Process Virtual Memory: 84.32 MB used, 84.32 MB peak
[2018.11.09-02.20.33:112][  0]LogMemory: Physical Memory: 4553.53 MB used,  11729.90 MB free, 16283.43 MB total
[2018.11.09-02.20.33:112][  0]LogMemory: Virtual Memory: 4625.17 MB used,  11729.90 MB free, 134217728.00 MB total
[2018.11.09-02.20.34:009][  0]LogInit: Using OS detected language (en-US).
[2018.11.09-02.20.34:009][  0]LogInit: Using OS detected locale (en-US).
[2018.11.09-02.20.34:164][  0]LogTextLocalizationManager: No specific localization for 'en-US' exists, so the 'en' localization will be used.
[2018.11.09-02.20.35:460][  0]LogStreaming: Display: Took  1.450s to InitEngineTextLocalization.
[2018.11.09-02.20.35:473][  0]LogInit: Setting process to per monitor DPI aware
[2018.11.09-02.20.36:821][  0]LogSlate: New Slate User Created.  User Index 0, Is Virtual User: 0
[2018.11.09-02.20.36:822][  0]LogSlate: Slate User Registered.  User Index 0, Is Virtual User: 0
[2018.11.09-02.20.41:690][  0]LogHMD: Failed to initialize OpenVR with code 110
[2018.11.09-02.20.41:690][  0]LogD3D11RHI: D3D11 adapters:
[2018.11.09-02.20.41:750][  0]LogD3D11RHI:    0. 'NVIDIA GeForce GTX 1070' (Feature Level 11_0)
[2018.11.09-02.20.41:750][  0]LogD3D11RHI:       8088/0/8141 MB DedicatedVideo/DedicatedSystem/SharedSystem, Outputs:1, VendorId:0x10de
[2018.11.09-02.20.41:760][  0]LogD3D11RHI:    1. 'Intel(R) HD Graphics 530' (Feature Level 11_0)
[2018.11.09-02.20.41:760][  0]LogD3D11RHI:       128/0/8141 MB DedicatedVideo/DedicatedSystem/SharedSystem, Outputs:1, VendorId:0x8086
[2018.11.09-02.20.41:764][  0]LogD3D11RHI:    2. 'Microsoft Basic Render Driver' (Feature Level 11_0)
[2018.11.09-02.20.41:764][  0]LogD3D11RHI:       0/0/8141 MB DedicatedVideo/DedicatedSystem/SharedSystem, Outputs:0, VendorId:0x1414
[2018.11.09-02.20.41:764][  0]LogD3D11RHI: Chosen D3D11 Adapter: 0
[2018.11.09-02.20.41:783][  0]LogD3D11RHI: Creating new Direct3DDevice
[2018.11.09-02.20.41:783][  0]LogD3D11RHI:     GPU DeviceId: 0x1b81 (for the marketing name, search the web for "GPU Device Id")
[2018.11.09-02.20.41:804][  0]LogWindows: EnumDisplayDevices:
[2018.11.09-02.20.41:804][  0]LogWindows:    0. 'Intel(R) HD Graphics 530' (P:0 D:1)
[2018.11.09-02.20.41:804][  0]LogWindows:    1. 'Intel(R) HD Graphics 530' (P:0 D:0)
[2018.11.09-02.20.41:805][  0]LogWindows:    2. 'Intel(R) HD Graphics 530' (P:0 D:0)
[2018.11.09-02.20.41:805][  0]LogWindows:    3. 'NVIDIA GeForce GTX 1070' (P:1 D:1)
[2018.11.09-02.20.41:805][  0]LogWindows:    4. 'NVIDIA GeForce GTX 1070' (P:0 D:0)
[2018.11.09-02.20.41:805][  0]LogWindows:    5. 'NVIDIA GeForce GTX 1070' (P:0 D:0)
[2018.11.09-02.20.41:805][  0]LogWindows:    6. 'NVIDIA GeForce GTX 1070' (P:0 D:0)
[2018.11.09-02.20.41:805][  0]LogWindows: DebugString: PrimaryIsNotTheChoosenAdapter PrimaryIsNotTheChoosenAdapter PrimaryIsNotTheChoosenAdapter FoundDriverCount:4 
[2018.11.09-02.20.41:805][  0]LogD3D11RHI:     Adapter Name: NVIDIA GeForce GTX 1070
[2018.11.09-02.20.41:811][  0]LogD3D11RHI:   Driver Version: 390.77 (internal:23.21.13.9077, unified:390.77)
[2018.11.09-02.20.41:811][  0]LogD3D11RHI:      Driver Date: 1-23-2018
[2018.11.09-02.20.41:811][  0]LogRHI: Texture pool is 5661 MB (70% of 8088 MB)
[2018.11.09-02.20.41:843][  0]LogD3D11RHI: Async texture creation enabled
[2018.11.09-02.20.42:081][  0]LogD3D11RHI: GPU Timing Frequency: 1000.000000 (Debug: 2 2)
[2018.11.09-02.20.42:157][  0]LogShaderCompilers: Guid format shader working directory is -10 characters bigger than the processId version (C:/Users/Joe/Documents/InteractiveArtefact/BookBurning/Intermediate/Shaders/WorkingDirectory/3140/).
[2018.11.09-02.20.42:157][  0]LogShaderCompilers: Cleaned the shader compiler working directory 'C:/Users/Joe/AppData/Local/Temp/UnrealShaderWorkingDir/93F59EA94D5FC2B6457C5E83A1FFBE2F/'.
[2018.11.09-02.20.44:214][  0]LogTemp: Display: Loaded TP AllDesktopTargetPlatform
[2018.11.09-02.20.44:277][  0]LogTemp: Display: Loaded TP MacClientTargetPlatform
[2018.11.09-02.20.44:308][  0]LogTemp: Display: Loaded TP MacNoEditorTargetPlatform
[2018.11.09-02.20.44:368][  0]LogTemp: Display: Loaded TP MacServerTargetPlatform
[2018.11.09-02.20.44:522][  0]LogTemp: Display: Loaded TP MacTargetPlatform
[2018.11.09-02.20.44:577][  0]LogTemp: Display: Loaded TP WindowsClientTargetPlatform
[2018.11.09-02.20.44:623][  0]LogTemp: Display: Loaded TP WindowsNoEditorTargetPlatform
[2018.11.09-02.20.44:660][  0]LogTemp: Display: Loaded TP WindowsServerTargetPlatform
[2018.11.09-02.20.44:677][  0]LogTemp: Display: Loaded TP WindowsTargetPlatform
[2018.11.09-02.20.44:833][  0]LogTemp: Display: Loaded TP AndroidTargetPlatform
[2018.11.09-02.20.44:833][  0]LogTemp: Display: Loaded TP AndroidTargetPlatform
[2018.11.09-02.20.44:833][  0]LogTemp: Display: Loaded TP AndroidTargetPlatform
[2018.11.09-02.20.44:833][  0]LogTemp: Display: Loaded TP AndroidTargetPlatform
[2018.11.09-02.20.44:833][  0]LogTemp: Display: Loaded TP AndroidTargetPlatform
[2018.11.09-02.20.44:833][  0]LogTemp: Display: Loaded TP AndroidTargetPlatform
[2018.11.09-02.20.44:833][  0]LogTemp: Display: Loaded TP AndroidTargetPlatform
[2018.11.09-02.20.44:834][  0]LogTemp: Display: Loaded TP AndroidTargetPlatform
[2018.11.09-02.20.44:834][  0]LogTemp: Display: Loaded TP AndroidTargetPlatform
[2018.11.09-02.20.44:834][  0]LogTemp: Display: Loaded TP AndroidTargetPlatform
[2018.11.09-02.20.44:834][  0]LogTemp: Display: Loaded TP AndroidTargetPlatform
[2018.11.09-02.20.44:834][  0]LogTemp: Display: Loaded TP AndroidTargetPlatform
[2018.11.09-02.20.44:834][  0]LogTemp: Display: Loaded TP AndroidTargetPlatform
[2018.11.09-02.20.44:834][  0]LogTemp: Display: Loaded TP AndroidTargetPlatform
[2018.11.09-02.20.44:834][  0]LogTemp: Display: Loaded TP AndroidTargetPlatform
[2018.11.09-02.20.44:834][  0]LogTemp: Display: Loaded TP AndroidTargetPlatform
[2018.11.09-02.20.44:834][  0]LogTemp: Display: Loaded TP AndroidTargetPlatform
[2018.11.09-02.20.44:834][  0]LogTemp: Display: Loaded TP AndroidTargetPlatform
[2018.11.09-02.20.44:864][  0]LogTemp: Display: Loaded TP HTML5TargetPlatform
[2018.11.09-02.20.45:004][  0]LogTemp: Display: Loaded TP IOSTargetPlatform
[2018.11.09-02.20.45:004][  0]LogTemp: Display: Loaded TP IOSTargetPlatform
[2018.11.09-02.20.45:036][  0]LogTemp: Display: Loaded TP TVOSTargetPlatform
[2018.11.09-02.20.45:036][  0]LogTemp: Display: Loaded TP TVOSTargetPlatform
[2018.11.09-02.20.45:067][  0]LogTemp: Display: Loaded TP LinuxClientTargetPlatform
[2018.11.09-02.20.45:091][  0]LogTemp: Display: Loaded TP LinuxNoEditorTargetPlatform
[2018.11.09-02.20.45:130][  0]LogTemp: Display: Loaded TP LinuxServerTargetPlatform
[2018.11.09-02.20.45:164][  0]LogTemp: Display: Loaded TP LinuxTargetPlatform
[2018.11.09-02.20.45:201][  0]LogTemp: Display: Loaded TP LuminTargetPlatform
[2018.11.09-02.20.45:201][  0]LogTargetPlatformManager: Display: Building Assets For Windows
[2018.11.09-02.20.46:061][  0]LogXGEController: Cleaning working directory: C:/Users/Joe/AppData/Local/Temp/UnrealXGEWorkingDir/
[2018.11.09-02.20.46:062][  0]LogXGEController: Cannot use XGE Controller as Incredibuild is not installed on this machine.
[2018.11.09-02.20.46:062][  0]LogShaderCompilers: Cannot use XGE Shader Compiler as Incredibuild is not installed on this machine.
[2018.11.09-02.20.46:075][  0]LogShaderCompilers: Display: Using Local Shader Compiler.
[2018.11.09-02.20.49:379][  0]LogDerivedDataCache: Display: Max Cache Size: 512 MB
[2018.11.09-02.20.49:630][  0]LogDerivedDataCache: Loaded boot cache 0.25s 71MB C:/Users/Joe/AppData/Local/UnrealEngine/4.20/DerivedDataCache/Boot.ddc.
[2018.11.09-02.20.49:631][  0]LogDerivedDataCache: Display: Loaded Boot cache: C:/Users/Joe/AppData/Local/UnrealEngine/4.20/DerivedDataCache/Boot.ddc
[2018.11.09-02.20.49:631][  0]LogDerivedDataCache: FDerivedDataBackendGraph:  Pak pak cache file C:/Users/Joe/Documents/InteractiveArtefact/BookBurning/DerivedDataCache/DDC.ddp not found, will not use a pak cache.
[2018.11.09-02.20.49:631][  0]LogDerivedDataCache: Unable to find inner node Pak for hierarchical cache Hierarchy.
[2018.11.09-02.20.49:631][  0]LogDerivedDataCache: FDerivedDataBackendGraph:  CompressedPak pak cache file C:/Users/Joe/Documents/InteractiveArtefact/BookBurning/DerivedDataCache/Compressed.ddp not found, will not use a pak cache.
[2018.11.09-02.20.49:631][  0]LogDerivedDataCache: Unable to find inner node CompressedPak for hierarchical cache Hierarchy.
[2018.11.09-02.20.49:715][  0]LogDerivedDataCache: Display: Pak cache opened for reading ../../../Engine/DerivedDataCache/Compressed.ddp.
[2018.11.09-02.20.49:728][  0]LogDerivedDataCache: Using Local data cache path C:/Users/Joe/AppData/Local/UnrealEngine/Common/DerivedDataCache: Writable
[2018.11.09-02.20.49:728][  0]LogDerivedDataCache: Shared data cache path not found in *engine.ini, will not use an Shared cache.
[2018.11.09-02.20.49:728][  0]LogDerivedDataCache: Unable to find inner node Shared for hierarchical cache Hierarchy.
[2018.11.09-02.20.49:785][  0]LogMaterial: Verifying Global Shaders for PCD3D_SM5
[2018.11.09-02.20.49:841][  0]LogSlate: Using FreeType 2.6.0
[2018.11.09-02.20.49:938][  0]LogSlate: SlateFontServices - WITH_FREETYPE: 1, WITH_HARFBUZZ: 1
[2018.11.09-02.20.51:374][  0]LogAssetRegistry: FAssetRegistry took 0.0453 seconds to start up
[2018.11.09-02.20.55:217][  0]LogInit: Selected Device Profile: [Windows]
[2018.11.09-02.20.56:985][  0]LogSimplygon: Simplygon DLL not present - disabling.
[2018.11.09-02.20.57:344][  0]LogMeshReduction: Using SimplygonSwarm for distributed automatic mesh merging
[2018.11.09-02.20.57:354][  0]LogMeshReduction: Using ProxyLODMeshReduction for automatic mesh merging
[2018.11.09-02.20.57:355][  0]LogMeshReduction: Using QuadricMeshReduction for automatic static mesh reduction
[2018.11.09-02.20.57:355][  0]LogMeshReduction: No automatic skeletal mesh reduction module available
[2018.11.09-02.20.58:729][  0]LogNetVersion: BookBurning 1.0.0, NetCL: 4212847, EngineNetVer: 5, GameNetVer: 0 (Checksum: 2864553639)
[2018.11.09-02.21.04:034][  0]LogPackageLocalizationCache: Processed 11 localized package path(s) for 2 prioritized culture(s) in 0.129873 seconds
[2018.11.09-02.21.04:103][  0]LogUObjectArray: 38425 objects as part of root set at end of initial load.
[2018.11.09-02.21.04:103][  0]LogUObjectAllocator: 6690864 out of 0 bytes used by permanent object pool.
[2018.11.09-02.21.04:103][  0]LogUObjectArray: CloseDisregardForGC: 0/0 objects in disregard for GC pool
[2018.11.09-02.21.12:837][  0]LogTcpMessaging: Initializing TcpMessaging bridge
[2018.11.09-02.21.12:871][  0]LogUdpMessaging: Initializing bridge on interface 0.0.0.0:0 to multicast group 230.0.0.1:6666.
[2018.11.09-02.21.13:981][  0]SourceControl: Source control is disabled
[2018.11.09-02.21.13:984][  0]SourceControl: Source control is disabled
[2018.11.09-02.21.14:100][  0]SourceControl: Source control is disabled
[2018.11.09-02.21.14:121][  0]SourceControl: Source control is disabled
[2018.11.09-02.21.16:035][  0]LogAndroidPermission: UAndroidPermissionCallbackProxy::GetInstance
[2018.11.09-02.21.16:356][  0]LogOcInput: OculusInput pre-init called
[2018.11.09-02.21.17:626][  0]LogEngine: Initializing Engine...
[2018.11.09-02.21.17:720][  0]LogHMD: Failed to initialize OpenVR with code 110
[2018.11.09-02.21.17:780][  0]LogStats: UGameplayTagsManager::ConstructGameplayTagTree: ImportINI prefixes -  0.013 s
[2018.11.09-02.21.17:780][  0]LogStats: UGameplayTagsManager::ConstructGameplayTagTree: Construct from data asset -  0.000 s
[2018.11.09-02.21.17:780][  0]LogStats: UGameplayTagsManager::ConstructGameplayTagTree: ImportINI -  0.001 s
[2018.11.09-02.21.17:781][  0]LogStats: UGameplayTagsManager::ConstructGameplayTagTree: GameplayTagTreeChangedEvent.Broadcast -  0.000 s
[2018.11.09-02.21.18:739][  0]LogInit: Initializing FReadOnlyCVARCache
[2018.11.09-02.21.19:366][  0]LogAIModule: Creating AISystem for world Untitled
[2018.11.09-02.21.19:547][  0]LogInit: XAudio2 using 'Speakers (Realtek High Definition Audio)' : 2 channels at 48 kHz using 32 bits per sample (channel mask 0x3)
[2018.11.09-02.21.19:571][  0]LogInit: FAudioDevice initialized.
[2018.11.09-02.21.19:591][  0]LogNetVersion: Set ProjectVersion to 1.0.0.0. Version Checksum will be recalculated on next use.
[2018.11.09-02.21.19:664][  0]LogDerivedDataCache: Saved boot cache 0.07s 71MB C:/Users/Joe/AppData/Local/UnrealEngine/4.20/DerivedDataCache/Boot.ddc.
[2018.11.09-02.21.19:673][  0]LogInit: Texture streaming: Enabled
[2018.11.09-02.21.19:871][  0]LogEngineSessionManager: EngineSessionManager initialized
[2018.11.09-02.21.20:084][  0]LogInit: Transaction tracking system initialized
[2018.11.09-02.21.20:494][  0]BlueprintLog: New page: Editor Load
[2018.11.09-02.21.22:803][  0]LocalizationService: Localization service is disabled
[2018.11.09-02.21.27:930][  0]LogFileCache: Scanning file cache for directory 'C:/Users/Joe/Documents/InteractiveArtefact/BookBurning/Content/' took 0.03s
[2018.11.09-02.21.27:930][  0]LogCook: Display: Max memory allowance for cook 16384mb min free memory 0mb
[2018.11.09-02.21.27:931][  0]LogCook: Display: Mobile HDR setting 1
[2018.11.09-02.21.27:952][  0]LogGameplayTags: Display: UGameplayTagsManager::DoneAddingNativeTags. DelegateIsBound: 0
[2018.11.09-02.21.27:959][  0]LogStats: UGameplayTagsManager::ConstructGameplayTagTree: ImportINI prefixes -  0.000 s
[2018.11.09-02.21.27:959][  0]LogStats: UGameplayTagsManager::ConstructGameplayTagTree: Construct from data asset -  0.000 s
[2018.11.09-02.21.27:959][  0]LogStats: UGameplayTagsManager::ConstructGameplayTagTree: ImportINI -  0.000 s
[2018.11.09-02.21.27:959][  0]LogStats: UGameplayTagsManager::ConstructGameplayTagTree: GameplayTagTreeChangedEvent.Broadcast -  0.000 s
[2018.11.09-02.21.29:974][  0]SourceControl: Source control is disabled
[2018.11.09-02.21.30:011][  0]Cmd: MAP LOAD FILE="C:/Users/Joe/Documents/InteractiveArtefact/BookBurning/Content/FirstPersonBP/Maps/FirstPersonExampleMap.umap" TEMPLATE=0 SHOWPROGRESS=1 FEATURELEVEL=3
[2018.11.09-02.21.30:041][  0]LightingResults: New page: Lighting Build
[2018.11.09-02.21.30:339][  0]MapCheck: New page: Map Check
[2018.11.09-02.21.30:339][  0]LightingResults: New page: Lighting Build
[2018.11.09-02.21.34:384][  0]LogAIModule: Creating AISystem for world FirstPersonExampleMap
[2018.11.09-02.21.35:156][  0]LogEditorServer: Finished looking for orphan Actors (0.000 secs)
[2018.11.09-02.21.35:358][  0]Cmd: MAP CHECKDEP NOCLEARLOG
[2018.11.09-02.21.35:418][  0]MapCheck: Map check complete: 0 Error(s), 0 Warning(s), took 60.184ms to complete.
[2018.11.09-02.21.35:419][  0]LogFileHelpers: Loading map 'FirstPersonExampleMap' took 5.440
[2018.11.09-02.21.37:457][  0]LogCollectionManager: Loaded 0 collections in 0.000747 seconds
[2018.11.09-02.21.37:628][  0]LogFileCache: Scanning file cache for directory 'C:/Users/Joe/Documents/InteractiveArtefact/BookBurning/Saved/Collections/' took 0.02s
[2018.11.09-02.21.37:628][  0]LogFileCache: Scanning file cache for directory 'C:/Users/Joe/Documents/InteractiveArtefact/BookBurning/Content/Developers/Joe/Collections/' took 0.02s
[2018.11.09-02.21.37:628][  0]LogFileCache: Scanning file cache for directory 'C:/Users/Joe/Documents/InteractiveArtefact/BookBurning/Content/Collections/' took 0.01s
[2018.11.09-02.21.37:628][  0]LogCollectionManager: Rebuilt the GUID cache for 0 collections in 0.000000 seconds
[2018.11.09-02.21.37:639][  0]LogContentBrowser: Native class hierarchy populated in 0.0082 seconds. Added 2572 classes and 603 folders.
[2018.11.09-02.21.37:777][  0]LogContentBrowser: Native class hierarchy updated for 'WidgetCarousel' in 0.0002 seconds. Added 0 classes and 0 folders.
[2018.11.09-02.21.38:441][  0]LogContentBrowser: Native class hierarchy updated for 'AddContentDialog' in 0.0002 seconds. Added 0 classes and 0 folders.
[2018.11.09-02.21.38:778][  0]LogSlate: Updating window title bar state: overlay mode, drag disabled, window buttons hidden, title bar hidden
[2018.11.09-02.21.38:818][  0]LogSlate: Updating window title bar state: overlay mode, drag disabled, window buttons hidden, title bar hidden
[2018.11.09-02.21.38:824][  0]LogSlate: Updating window title bar state: overlay mode, drag disabled, window buttons hidden, title bar hidden
[2018.11.09-02.21.38:830][  0]LogSlate: Updating window title bar state: overlay mode, drag disabled, window buttons hidden, title bar hidden
[2018.11.09-02.21.38:887][  0]LogContentBrowser: Native class hierarchy updated for 'SceneOutliner' in 0.0002 seconds. Added 1 classes and 2 folders.
[2018.11.09-02.21.39:792][  0]LogSlate: Took 0.014123 seconds to synchronously load lazily loaded font '../../../Engine/Content/Slate/Fonts/Roboto-Regular.ttf' (155K)
[2018.11.09-02.21.39:881][  0]LogSlate: Took 0.042887 seconds to synchronously load lazily loaded font '../../../Engine/Content/Slate/Fonts/Roboto-Bold.ttf' (160K)
[2018.11.09-02.21.39:900][  0]LogSlate: Took 0.017279 seconds to synchronously load lazily loaded font '../../../Engine/Content/Editor/Slate/Fonts/FontAwesome.ttf' (139K)
[2018.11.09-02.21.40:193][  0]LogSlate: Took 0.012029 seconds to synchronously load lazily loaded font '../../../Engine/Content/Slate/Fonts/Roboto-Light.ttf' (167K)
[2018.11.09-02.21.40:634][  0]LogRenderer: Reallocating scene render targets to support 1488x904 Format 10 NumSamples 1 (Frame:1).
[2018.11.09-02.21.41:203][  0]LogContentBrowser: Native class hierarchy updated for 'HierarchicalLODOutliner' in 0.0002 seconds. Added 0 classes and 0 folders.
[2018.11.09-02.21.41:203][  0]LogLoad: (Engine Initialization) Total time: 86.09 seconds
[2018.11.09-02.21.41:203][  0]LogLoad: (Engine Initialization) Total Blueprint compile time: 0.00 seconds
[2018.11.09-02.21.41:729][  0]LogContentStreaming: Texture pool size now 1000 MB
[2018.11.09-02.21.42:279][  3]LogAssetRegistry: Asset discovery search completed in 50.9345 seconds
[2018.11.09-02.21.42:289][  3]LogCollectionManager: Rebuilt the object cache for 0 collections in 0.000001 seconds (found 0 objects)
[2018.11.09-02.21.42:289][  3]LogCollectionManager: Fixed up redirectors for 0 collections in 0.006806 seconds (updated 0 objects)
[2018.11.09-02.21.42:601][  4]LogSlate: Took 0.000124 seconds to synchronously load lazily loaded font '../../../Engine/Content/Slate/Fonts/Roboto-Light.ttf' (167K)
[2018.11.09-02.24.16:894][ 56]LogSlate: FSceneViewport::OnFocusLost() reason 0
[2018.11.09-02.24.17:673][147]LogRenderer: Reallocating scene render targets to support 1492x904 Format 10 NumSamples 1 (Frame:676).
[2018.11.09-02.24.17:709][148]LogRenderer: Reallocating scene render targets to support 1496x904 Format 10 NumSamples 1 (Frame:678).
[2018.11.09-02.24.17:763][149]LogRenderer: Reallocating scene render targets to support 1500x904 Format 10 NumSamples 1 (Frame:680).
[2018.11.09-02.24.17:801][150]LogRenderer: Reallocating scene render targets to support 1504x904 Format 10 NumSamples 1 (Frame:682).
[2018.11.09-02.24.17:837][151]LogRenderer: Reallocating scene render targets to support 1508x904 Format 10 NumSamples 1 (Frame:684).
[2018.11.09-02.24.17:956][159]LogRenderer: Reallocating scene render targets to support 1512x904 Format 10 NumSamples 1 (Frame:688).
[2018.11.09-02.24.18:064][163]LogRenderer: Reallocating scene render targets to support 1516x904 Format 10 NumSamples 1 (Frame:694).
[2018.11.09-02.24.20:487][444]LogSlate: FSceneViewport::OnFocusLost() reason 0
[2018.11.09-02.24.20:595][457]LogTemp: Repeating last play command: Selected Viewport
[2018.11.09-02.24.20:643][457]LogBlueprintUserMessages: Early PlayInEditor Detection: Level '/Game/FirstPersonBP/Maps/FirstPersonExampleMap.FirstPersonExampleMap:PersistentLevel' has LevelScriptBlueprint '/Game/FirstPersonBP/Maps/FirstPersonExampleMap.FirstPersonExampleMap:PersistentLevel.FirstPersonExampleMap' with GeneratedClass '/Game/FirstPersonBP/Maps/FirstPersonExampleMap.FirstPersonExampleMap_C' with ClassGeneratedBy '/Game/FirstPersonBP/Maps/FirstPersonExampleMap.FirstPersonExampleMap:PersistentLevel.FirstPersonExampleMap'
[2018.11.09-02.24.20:652][457]LogPlayLevel: PlayLevel: No blueprints needed recompiling
[2018.11.09-02.24.20:767][457]PIE: New page: PIE session: FirstPersonExampleMap (Nov 10, 2018, 4:24:20 AM)
[2018.11.09-02.24.20:767][457]LogPlayLevel: Creating play world package: /Game/FirstPersonBP/Maps/UEDPIE_0_FirstPersonExampleMap
[2018.11.09-02.24.20:841][457]LogPlayLevel: PIE: StaticDuplicateObject took: (0.073119s)
[2018.11.09-02.24.20:841][457]LogAIModule: Creating AISystem for world FirstPersonExampleMap
[2018.11.09-02.24.20:851][457]LogPlayLevel: PIE: World Init took: (0.010320s)
[2018.11.09-02.24.20:867][457]LogPlayLevel: PIE: Created PIE world by copying editor world from /Game/FirstPersonBP/Maps/FirstPersonExampleMap.FirstPersonExampleMap to /Game/FirstPersonBP/Maps/UEDPIE_0_FirstPersonExampleMap.FirstPersonExampleMap (0.099330s)
[2018.11.09-02.24.20:918][457]LogInit: XAudio2 using 'Speakers (Realtek High Definition Audio)' : 2 channels at 48 kHz using 32 bits per sample (channel mask 0x3)
[2018.11.09-02.24.20:930][457]LogInit: FAudioDevice initialized.
[2018.11.09-02.24.21:010][457]LogLoad: Game class is 'FirstPersonGameMode_C'
[2018.11.09-02.24.21:121][457]LogWorld: Bringing World /Game/FirstPersonBP/Maps/UEDPIE_0_FirstPersonExampleMap.FirstPersonExampleMap up for play (max tick rate 0) at 2018.11.09-15.24.21
[2018.11.09-02.24.21:149][457]LogWorld: Bringing up level for play took: 0.050848
[2018.11.09-02.24.21:287][457]LogContentBrowser: Native class hierarchy updated for 'MovieSceneCapture' in 0.0119 seconds. Added 10 classes and 0 folders.
[2018.11.09-02.24.21:315][457]PIE: Play in editor start time for /Game/FirstPersonBP/Maps/UEDPIE_0_FirstPersonExampleMap 1.162
[2018.11.09-02.24.21:315][457]LogBlueprintUserMessages: Late PlayInEditor Detection: Level '/Game/FirstPersonBP/Maps/FirstPersonExampleMap.FirstPersonExampleMap:PersistentLevel' has LevelScriptBlueprint '/Game/FirstPersonBP/Maps/FirstPersonExampleMap.FirstPersonExampleMap:PersistentLevel.FirstPersonExampleMap' with GeneratedClass '/Game/FirstPersonBP/Maps/FirstPersonExampleMap.FirstPersonExampleMap_C' with ClassGeneratedBy '/Game/FirstPersonBP/Maps/FirstPersonExampleMap.FirstPersonExampleMap:PersistentLevel.FirstPersonExampleMap'
[2018.11.09-02.24.22:927][604]LogScript: Warning: Accessed None trying to read property physicsHandle
	FirstPersonCharacter_C /Game/FirstPersonBP/Maps/UEDPIE_0_FirstPersonExampleMap.FirstPersonExampleMap:PersistentLevel.FirstPersonCharacter_C_1
	Function /Game/FirstPersonBP/Blueprints/FirstPersonCharacter.FirstPersonCharacter_C:ExecuteUbergraph_FirstPersonCharacter:001A
[2018.11.09-02.24.22:934][604]PIE: Error: Blueprint Runtime Error: "Accessed None trying to read property physicsHandle". Blueprint:  FirstPersonCharacter Function:  Execute Ubergraph First Person Character Graph:  EventGraph Node:  Release Component
[2018.11.09-02.24.50:700][934]LogSlate: FSceneViewport::OnFocusLost() reason 0
[2018.11.09-02.24.57:801][781]LogBlueprintUserMessages: Early EndPlayMap Detection: Level '/Game/FirstPersonBP/Maps/FirstPersonExampleMap.FirstPersonExampleMap:PersistentLevel' has LevelScriptBlueprint '/Game/FirstPersonBP/Maps/FirstPersonExampleMap.FirstPersonExampleMap:PersistentLevel.FirstPersonExampleMap' with GeneratedClass '/Game/FirstPersonBP/Maps/FirstPersonExampleMap.FirstPersonExampleMap_C' with ClassGeneratedBy '/Game/FirstPersonBP/Maps/FirstPersonExampleMap.FirstPersonExampleMap:PersistentLevel.FirstPersonExampleMap'
[2018.11.09-02.24.57:802][781]LogSlate: Updating window title bar state: overlay mode, drag disabled, window buttons hidden, title bar hidden
[2018.11.09-02.24.57:897][781]LogPlayLevel: Display: Shutting down PIE online subsystems
[2018.11.09-02.24.57:897][781]LogBlueprintUserMessages: Late EndPlayMap Detection: Level '/Game/FirstPersonBP/Maps/FirstPersonExampleMap.FirstPersonExampleMap:PersistentLevel' has LevelScriptBlueprint '/Game/FirstPersonBP/Maps/FirstPersonExampleMap.FirstPersonExampleMap:PersistentLevel.FirstPersonExampleMap' with GeneratedClass '/Game/FirstPersonBP/Maps/FirstPersonExampleMap.FirstPersonExampleMap_C' with ClassGeneratedBy '/Game/FirstPersonBP/Maps/FirstPersonExampleMap.FirstPersonExampleMap:PersistentLevel.FirstPersonExampleMap'
[2018.11.09-02.24.57:949][781]LogSlate: Updating window title bar state: overlay mode, drag disabled, window buttons hidden, title bar hidden
[2018.11.09-02.24.58:105][782]LogPlayLevel: Display: Destroying online subsystem :Context_2
[2018.11.09-02.25.01:162][133]LogSlate: FSceneViewport::OnFocusLost() reason 0
[2018.11.09-02.25.03:204][367]LogSlate: Window 'Message Log' being destroyed
[2018.11.09-02.25.03:223][367]LogSlate: Window 'Message Log' being destroyed
[2018.11.09-02.25.04:621][531]LogSlate: FSceneViewport::OnFocusLost() reason 0
[2018.11.09-03.26.50:585][642]LogSlate: FSceneViewport::OnFocusLost() reason 0
[2018.11.09-03.26.58:458][557]LogSlate: FSceneViewport::OnFocusLost() reason 0
[2018.11.09-03.26.58:593][570]LogRenderer: Reallocating scene render targets to support 1520x904 Format 10 NumSamples 1 (Frame:15070).
[2018.11.09-03.26.58:636][571]LogRenderer: Reallocating scene render targets to support 1528x904 Format 10 NumSamples 1 (Frame:15072).
[2018.11.09-03.26.58:693][572]LogRenderer: Reallocating scene render targets to support 1540x904 Format 10 NumSamples 1 (Frame:15074).
[2018.11.09-03.26.58:736][573]LogRenderer: Reallocating scene render targets to support 1552x904 Format 10 NumSamples 1 (Frame:15076).
[2018.11.09-03.26.58:773][574]LogRenderer: Reallocating scene render targets to support 1556x904 Format 10 NumSamples 1 (Frame:15078).
[2018.11.09-03.26.58:812][575]LogRenderer: Reallocating scene render targets to support 1560x904 Format 10 NumSamples 1 (Frame:15080).
[2018.11.09-03.26.58:855][576]LogRenderer: Reallocating scene render targets to support 1564x904 Format 10 NumSamples 1 (Frame:15082).
[2018.11.09-03.26.58:898][577]LogRenderer: Reallocating scene render targets to support 1568x904 Format 10 NumSamples 1 (Frame:15084).
[2018.11.09-03.26.58:937][578]LogRenderer: Reallocating scene render targets to support 1576x904 Format 10 NumSamples 1 (Frame:15086).
[2018.11.09-03.26.59:013][580]LogRenderer: Reallocating scene render targets to support 1584x904 Format 10 NumSamples 1 (Frame:15090).
[2018.11.09-03.26.59:056][581]LogRenderer: Reallocating scene render targets to support 1588x904 Format 10 NumSamples 1 (Frame:15092).
[2018.11.09-03.26.59:097][582]LogRenderer: Reallocating scene render targets to support 1596x904 Format 10 NumSamples 1 (Frame:15094).
[2018.11.09-03.26.59:139][583]LogRenderer: Reallocating scene render targets to support 1600x904 Format 10 NumSamples 1 (Frame:15096).
[2018.11.09-03.26.59:303][591]LogRenderer: Reallocating scene render targets to support 1604x904 Format 10 NumSamples 1 (Frame:15107).
[2018.11.09-03.26.59:917][657]LogRenderer: Reallocating scene render targets to support 1608x904 Format 10 NumSamples 1 (Frame:15175).
[2018.11.09-03.26.59:956][658]LogRenderer: Reallocating scene render targets to support 1616x904 Format 10 NumSamples 1 (Frame:15177).
[2018.11.09-03.27.00:039][660]LogRenderer: Reallocating scene render targets to support 1620x904 Format 10 NumSamples 1 (Frame:15181).
[2018.11.09-03.27.00:077][661]LogRenderer: Reallocating scene render targets to support 1624x904 Format 10 NumSamples 1 (Frame:15183).
[2018.11.09-10.58.43:036][ 85]LogSlate: Window 'BookBurning - Unreal Editor' being destroyed
[2018.11.09-10.58.43:038][ 85]LogWindowsTextInputMethodSystem: Display: IME system now deactivated.
[2018.11.09-10.58.43:652][ 86]Cmd: QUIT_EDITOR
[2018.11.09-10.58.44:223][ 86]LogExit: Preparing to exit.
[2018.11.09-10.58.44:882][ 86]LogExit: Editor shut down
[2018.11.09-10.58.44:883][ 86]LogExit: Transaction tracking system shut down
[2018.11.09-10.58.46:772][ 86]LogExit: Object subsystem successfully closed.
[2018.11.09-10.58.46:904][ 86]LogShaderCompilers: Display: Shaders left to compile 0
[2018.11.09-10.58.46:922][ 86]LogD3D11RHI: Shutdown
[2018.11.09-10.58.46:922][ 86]LogD3D11RHI: CleanupD3DDevice
[2018.11.09-10.58.46:966][ 86]LogD3D11RHI: ~FD3D11DynamicRHI
[2018.11.09-10.58.48:034][ 86]LogModuleManager: Shutting down and abandoning module MovieSceneCapture (614)
[2018.11.09-10.58.48:034][ 86]LogModuleManager: Shutting down and abandoning module Voice (612)
[2018.11.09-10.58.48:043][ 86]LogModuleManager: Shutting down and abandoning module HierarchicalLODOutliner (610)
[2018.11.09-10.58.48:043][ 86]LogModuleManager: Shutting down and abandoning module SceneOutliner (608)
[2018.11.09-10.58.48:043][ 86]LogModuleManager: Shutting down and abandoning module AddContentDialog (606)
[2018.11.09-10.58.48:053][ 86]LogModuleManager: Shutting down and abandoning module WidgetCarousel (605)
[2018.11.09-10.58.48:053][ 86]LogModuleManager: Shutting down and abandoning module EditorWidgets (602)
[2018.11.09-10.58.48:053][ 86]LogModuleManager: Shutting down and abandoning module CollectionManager (600)
[2018.11.09-10.58.48:065][ 86]LogModuleManager: Shutting down and abandoning module StatsViewer (598)
[2018.11.09-10.58.48:072][ 86]LogModuleManager: Shutting down and abandoning module FoliageEdit (596)
[2018.11.09-10.58.48:078][ 86]LogModuleManager: Shutting down and abandoning module LandscapeEditor (594)
[2018.11.09-10.58.48:107][ 86]LogModuleManager: Shutting down and abandoning module MeshPaintMode (592)
[2018.11.09-10.58.48:115][ 86]LogModuleManager: Shutting down and abandoning module SceneDepthPickerMode (590)
[2018.11.09-10.58.48:115][ 86]LogModuleManager: Shutting down and abandoning module ActorPickerMode (588)
[2018.11.09-10.58.48:115][ 86]LogModuleManager: Shutting down and abandoning module GeometryMode (586)
[2018.11.09-10.58.48:115][ 86]LogModuleManager: Shutting down and abandoning module TextureAlignMode (584)
[2018.11.09-10.58.48:115][ 86]LogModuleManager: Shutting down and abandoning module BspMode (582)
[2018.11.09-10.58.48:115][ 86]LogModuleManager: Shutting down and abandoning module PIEPreviewDeviceProfileSelector (580)
[2018.11.09-10.58.48:127][ 86]LogModuleManager: Shutting down and abandoning module SequenceRecorderSections (578)
[2018.11.09-10.58.48:139][ 86]LogModuleManager: Shutting down and abandoning module AutomationWorker (576)
[2018.11.09-10.58.48:139][ 86]LogModuleManager: Shutting down and abandoning module AudioCaptureEditor (574)
[2018.11.09-10.58.48:139][ 86]LogModuleManager: Shutting down and abandoning module SequenceRecorder (573)
[2018.11.09-10.58.48:147][ 86]LogModuleManager: Shutting down and abandoning module MatineeToLevelSequence (570)
[2018.11.09-10.58.48:154][ 86]LogModuleManager: Shutting down and abandoning module LevelSequenceEditor (568)
[2018.11.09-10.58.48:166][ 86]LogModuleManager: Shutting down and abandoning module PlacementMode (567)
[2018.11.09-10.58.48:167][ 86]LogModuleManager: Shutting down and abandoning module MaterialEditor (566)
[2018.11.09-10.58.48:196][ 86]LogModuleManager: Shutting down and abandoning module WmfMediaFactory (562)
[2018.11.09-10.58.48:196][ 86]LogModuleManager: Shutting down and abandoning module WmfMediaEditor (560)
[2018.11.09-10.58.48:196][ 86]LogModuleManager: Shutting down and abandoning module MediaPlayerEditor (558)
[2018.11.09-10.58.48:217][ 86]LogModuleManager: Shutting down and abandoning module OpenExrWrapper (556)
[2018.11.09-10.58.48:217][ 86]LogModuleManager: Shutting down and abandoning module ImgMediaFactory (554)
[2018.11.09-10.58.48:217][ 86]LogModuleManager: Shutting down and abandoning module ImgMediaEditor (552)
[2018.11.09-10.58.48:217][ 86]LogModuleManager: Shutting down and abandoning module AvfMediaFactory (550)
[2018.11.09-10.58.48:217][ 86]LogModuleManager: Shutting down and abandoning module AvfMediaEditor (548)
[2018.11.09-10.58.48:217][ 86]LogModuleManager: Shutting down and abandoning module AndroidMediaFactory (546)
[2018.11.09-10.58.48:217][ 86]LogModuleManager: Shutting down and abandoning module AndroidMediaEditor (544)
[2018.11.09-10.58.48:217][ 86]LogModuleManager: Shutting down and abandoning module MagicLeapCameraPreviewFactory (542)
[2018.11.09-10.58.48:217][ 86]LogModuleManager: Shutting down and abandoning module MagicLeapMediaFactory (540)
[2018.11.09-10.58.48:217][ 86]LogModuleManager: Shutting down and abandoning module MagicLeapMediaEditor (538)
[2018.11.09-10.58.48:217][ 86]LogModuleManager: Shutting down and abandoning module CharacterAI (536)
[2018.11.09-10.58.48:217][ 86]LogModuleManager: Shutting down and abandoning module SmartSnapping (534)
[2018.11.09-10.58.48:217][ 86]LogModuleManager: Shutting down and abandoning module SessionServices (532)
[2018.11.09-10.58.48:217][ 86]LogModuleManager: Shutting down and abandoning module ViewportSnapping (530)
[2018.11.09-10.58.48:217][ 86]LogModuleManager: Shutting down and abandoning module ViewportInteraction (528)
[2018.11.09-10.58.48:217][ 86]LogModuleManager: Shutting down and abandoning module ClothPainter (526)
[2018.11.09-10.58.48:235][ 86]LogModuleManager: Shutting down and abandoning module SkeletalMeshEditor (525)
[2018.11.09-10.58.48:253][ 86]LogModuleManager: Shutting down and abandoning module LogVisualizer (522)
[2018.11.09-10.58.48:274][ 86]LogModuleManager: Shutting down and abandoning module IntroTutorials (520)
[2018.11.09-10.58.48:291][ 86]LogModuleManager: Shutting down and abandoning module GameProjectGeneration (519)
[2018.11.09-10.58.48:298][ 86]LogModuleManager: Shutting down and abandoning module LuminPlatformEditor (516)
[2018.11.09-10.58.48:298][ 86]LogModuleManager: Shutting down and abandoning module IOSPlatformEditor (514)
[2018.11.09-10.58.48:309][ 86]LogModuleManager: Shutting down and abandoning module HTML5PlatformEditor (512)
[2018.11.09-10.58.48:309][ 86]LogModuleManager: Shutting down and abandoning module AndroidPlatformEditor (510)
[2018.11.09-10.58.48:309][ 86]LogModuleManager: Shutting down and abandoning module AndroidDeviceDetection (509)
[2018.11.09-10.58.48:619][ 86]LogModuleManager: Shutting down and abandoning module WindowsPlatformEditor (506)
[2018.11.09-10.58.48:619][ 86]LogModuleManager: Shutting down and abandoning module LuminRuntimeSettings (504)
[2018.11.09-10.58.48:619][ 86]LogModuleManager: Shutting down and abandoning module IOSRuntimeSettings (502)
[2018.11.09-10.58.48:619][ 86]LogModuleManager: Shutting down and abandoning module AndroidRuntimeSettings (500)
[2018.11.09-10.58.48:619][ 86]LogModuleManager: Shutting down and abandoning module InputBindingEditor (498)
[2018.11.09-10.58.48:634][ 86]LogModuleManager: Shutting down and abandoning module MergeActors (496)
[2018.11.09-10.58.48:652][ 86]LogModuleManager: Shutting down and abandoning module LocalizationDashboard (494)
[2018.11.09-10.58.48:672][ 86]LogModuleManager: Shutting down and abandoning module LocalizationService (493)
[2018.11.09-10.58.48:680][ 86]LogModuleManager: Shutting down and abandoning module HardwareTargeting (490)
[2018.11.09-10.58.48:680][ 86]LogModuleManager: Shutting down and abandoning module DeviceProfileEditor (488)
[2018.11.09-10.58.48:680][ 86]LogModuleManager: Shutting down and abandoning module UndoHistory (486)
[2018.11.09-10.58.48:690][ 86]LogModuleManager: Shutting down and abandoning module XmlParser (484)
[2018.11.09-10.58.48:690][ 86]LogModuleManager: Shutting down and abandoning module Blutility (482)
[2018.11.09-10.58.48:701][ 86]LogModuleManager: Shutting down and abandoning module ProjectSettingsViewer (480)
[2018.11.09-10.58.48:701][ 86]LogModuleManager: Shutting down and abandoning module ProjectTargetPlatformEditor (479)
[2018.11.09-10.58.48:701][ 86]LogModuleManager: Shutting down and abandoning module EditorSettingsViewer (476)
[2018.11.09-10.58.48:701][ 86]LogModuleManager: Shutting down and abandoning module SettingsEditor (474)
[2018.11.09-10.58.48:723][ 86]LogModuleManager: Shutting down and abandoning module ProjectLauncher (472)
[2018.11.09-10.58.48:737][ 86]LogModuleManager: Shutting down and abandoning module SessionFrontend (470)
[2018.11.09-10.58.48:746][ 86]LogModuleManager: Shutting down and abandoning module ProfilerClient (468)
[2018.11.09-10.58.48:755][ 86]LogModuleManager: Shutting down and abandoning module DeviceManager (466)
[2018.11.09-10.58.48:768][ 86]LogModuleManager: Shutting down and abandoning module TargetDeviceServices (465)
[2018.11.09-10.58.48:835][ 86]LogModuleManager: Shutting down and abandoning module AutomationController (462)
[2018.11.09-10.58.48:847][ 86]LogModuleManager: Shutting down and abandoning module AutomationWindow (460)
[2018.11.09-10.58.48:858][ 86]LogModuleManager: Shutting down and abandoning module Layers (458)
[2018.11.09-10.58.48:876][ 86]LogModuleManager: Shutting down and abandoning module ComponentVisualizers (456)
[2018.11.09-10.58.48:876][ 86]LogModuleManager: Shutting down and abandoning module DetailCustomizations (454)
[2018.11.09-10.58.48:890][ 86]LogModuleManager: Shutting down and abandoning module PackagesDialog (452)
[2018.11.09-10.58.48:891][ 86]LogModuleManager: Shutting down and abandoning module Persona (450)
[2018.11.09-10.58.48:937][ 86]LogModuleManager: Shutting down and abandoning module AdvancedPreviewScene (449)
[2018.11.09-10.58.48:937][ 86]LogModuleManager: Shutting down and abandoning module AnimGraph (447)
[2018.11.09-10.58.48:949][ 86]LogModuleManager: Shutting down and abandoning module Kismet (444)
[2018.11.09-10.58.48:969][ 86]LogModuleManager: Shutting down and abandoning module GraphEditor (442)
[2018.11.09-10.58.48:994][ 86]LogModuleManager: Shutting down and abandoning module ClassViewer (440)
[2018.11.09-10.58.48:994][ 86]LogModuleManager: Shutting down and abandoning module Toolbox (438)
[2018.11.09-10.58.48:994][ 86]LogModuleManager: Shutting down and abandoning module ModuleUI (436)
[2018.11.09-10.58.49:000][ 86]LogModuleManager: Shutting down and abandoning module MovieSceneTools (434)
[2018.11.09-10.58.49:026][ 86]LogModuleManager: Shutting down and abandoning module OutputLog (432)
[2018.11.09-10.58.49:026][ 86]LogModuleManager: Shutting down and abandoning module GammaUI (430)
[2018.11.09-10.58.49:031][ 86]LogModuleManager: Shutting down and abandoning module Documentation (428)
[2018.11.09-10.58.49:031][ 86]LogModuleManager: Shutting down and abandoning module MovieSceneTracks (426)
[2018.11.09-10.58.49:031][ 86]LogModuleManager: Shutting down and abandoning module MovieScene (424)
[2018.11.09-10.58.49:045][ 86]LogModuleManager: Shutting down and abandoning module StreamingPauseRendering (422)
[2018.11.09-10.58.49:062][ 86]LogModuleManager: Shutting down and abandoning module LauncherPlatform (420)
[2018.11.09-10.58.49:062][ 86]LogModuleManager: Shutting down and abandoning module AnalyticsET (418)
[2018.11.09-10.58.49:062][ 86]LogModuleManager: Shutting down and abandoning module PortalServices (416)
[2018.11.09-10.58.49:062][ 86]LogModuleManager: Shutting down and abandoning module PortalRpc (414)
[2018.11.09-10.58.49:062][ 86]LogModuleManager: Shutting down and abandoning module MessagingRpc (412)
[2018.11.09-10.58.49:062][ 86]LogModuleManager: Shutting down and abandoning module AIModule (410)
[2018.11.09-10.58.49:068][ 86]LogModuleManager: Shutting down and abandoning module GameplayDebugger (409)
[2018.11.09-10.58.49:078][ 86]LogModuleManager: Shutting down and abandoning module AITestSuite (407)
[2018.11.09-10.58.49:085][ 86]LogModuleManager: Shutting down and abandoning module NavigationSystem (405)
[2018.11.09-10.58.49:086][ 86]LogModuleManager: Shutting down and abandoning module DesktopPlatform (402)
[2018.11.09-10.58.49:086][ 86]LogModuleManager: Shutting down and abandoning module ProfilerService (400)
[2018.11.09-10.58.49:229][ 86]LogModuleManager: Shutting down and abandoning module TaskGraph (398)
[2018.11.09-10.58.49:249][ 86]LogModuleManager: Shutting down and abandoning module SteamVRController (396)
[2018.11.09-10.58.49:249][ 86]LogModuleManager: Shutting down and abandoning module ProceduralMeshComponentEditor (394)
[2018.11.09-10.58.49:249][ 86]LogModuleManager: Shutting down and abandoning module ProceduralMeshComponent (392)
[2018.11.09-10.58.49:265][ 86]LogModuleManager: Shutting down and abandoning module OculusInput (390)
[2018.11.09-10.58.49:265][ 86]LogModuleManager: Shutting down and abandoning module MobilePatchingUtils (388)
[2018.11.09-10.58.49:265][ 86]LogModuleManager: Shutting down and abandoning module EditableMesh (386)
[2018.11.09-10.58.49:272][ 86]LogModuleManager: Shutting down and abandoning module CustomMeshComponent (384)
[2018.11.09-10.58.49:273][ 86]LogModuleManager: Shutting down and abandoning module CableComponent (382)
[2018.11.09-10.58.49:273][ 86]LogModuleManager: Shutting down and abandoning module AudioCapture (380)
[2018.11.09-10.58.49:273][ 86]LogModuleManager: Shutting down and abandoning module ArchVisCharacter (378)
[2018.11.09-10.58.49:273][ 86]LogModuleManager: Shutting down and abandoning module AndroidPermission (376)
[2018.11.09-10.58.49:273][ 86]LogModuleManager: Shutting down and abandoning module NUTUnrealEngine4 (374)
[2018.11.09-10.58.49:273][ 86]LogModuleManager: Shutting down and abandoning module NetcodeUnitTest (372)
[2018.11.09-10.58.49:300][ 86]LogModuleManager: Shutting down and abandoning module MediaCompositingEditor (370)
[2018.11.09-10.58.49:300][ 86]LogModuleManager: Shutting down and abandoning module MediaCompositing (368)
[2018.11.09-10.58.49:300][ 86]LogModuleManager: Shutting down and abandoning module LinearTimecode (366)
[2018.11.09-10.58.49:300][ 86]LogModuleManager: Shutting down and abandoning module ImgMedia (364)
[2018.11.09-10.58.49:312][ 86]LogModuleManager: Shutting down and abandoning module HTML5Networking (362)
[2018.11.09-10.58.49:312][ 86]LogModuleManager: Shutting down and abandoning module GeometryCacheTracks (360)
[2018.11.09-10.58.49:312][ 86]LogModuleManager: Shutting down and abandoning module GeometryCacheSequencer (358)
[2018.11.09-10.58.49:312][ 86]LogModuleManager: Shutting down and abandoning module BackChannel (356)
[2018.11.09-10.58.49:319][ 86]LogModuleManager: Shutting down and abandoning module AppleVision (354)
[2018.11.09-10.58.49:319][ 86]LogModuleManager: Shutting down and abandoning module AppleImageUtils (352)
[2018.11.09-10.58.49:319][ 86]LogModuleManager: Shutting down and abandoning module AlembicImporter (350)
[2018.11.09-10.58.49:319][ 86]LogModuleManager: Shutting down and abandoning module AlembicLibrary (349)
[2018.11.09-10.58.49:319][ 86]LogModuleManager: Shutting down and abandoning module GeometryCache (348)
[2018.11.09-10.58.49:319][ 86]LogModuleManager: Shutting down and abandoning module GeometryCacheEd (347)
[2018.11.09-10.58.49:319][ 86]LogModuleManager: Shutting down and abandoning module DatasmithContentEditor (342)
[2018.11.09-10.58.49:322][ 86]LogModuleManager: Shutting down and abandoning module DatasmithContent (340)
[2018.11.09-10.58.49:322][ 86]LogModuleManager: Shutting down and abandoning module SpeedTreeImporter (338)
[2018.11.09-10.58.49:322][ 86]LogModuleManager: Shutting down and abandoning module PluginBrowser (336)
[2018.11.09-10.58.49:336][ 86]LogModuleManager: Shutting down and abandoning module MobileLauncherProfileWizard (334)
[2018.11.09-10.58.49:347][ 86]LogModuleManager: Shutting down and abandoning module PolygonModeling (332)
[2018.11.09-10.58.49:347][ 86]LogModuleManager: Shutting down and abandoning module MeshEditor (330)
[2018.11.09-10.58.49:359][ 86]LogModuleManager: Shutting down and abandoning module CryptoKeysOpenSSL (328)
[2018.11.09-10.58.49:364][ 86]LogModuleManager: Shutting down and abandoning module CryptoKeys (326)
[2018.11.09-10.58.49:364][ 86]LogModuleManager: Shutting down and abandoning module VisualStudioSourceCodeAccess (324)
[2018.11.09-10.58.49:364][ 86]LogModuleManager: Shutting down and abandoning module VisualStudioCodeSourceCodeAccess (322)
[2018.11.09-10.58.49:364][ 86]LogModuleManager: Shutting down and abandoning module UObjectPlugin (320)
[2018.11.09-10.58.49:364][ 86]LogModuleManager: Shutting down and abandoning module SubversionSourceControl (318)
[2018.11.09-10.58.49:377][ 86]LogModuleManager: Shutting down and abandoning module PerforceSourceControl (316)
[2018.11.09-10.58.49:383][ 86]LogModuleManager: Shutting down and abandoning module GitSourceControl (314)
[2018.11.09-10.58.49:392][ 86]LogModuleManager: Shutting down and abandoning module SourceControl (313)
[2018.11.09-10.58.49:404][ 86]LogModuleManager: Shutting down and abandoning module CLionSourceCodeAccess (310)
[2018.11.09-10.58.49:404][ 86]LogModuleManager: Shutting down and abandoning module LightPropagationVolumeEditor (308)
[2018.11.09-10.58.49:404][ 86]LogModuleManager: Shutting down and abandoning module PaperTiledImporter (306)
[2018.11.09-10.58.49:404][ 86]LogModuleManager: Shutting down and abandoning module PaperSpriteSheetImporter (304)
[2018.11.09-10.58.49:404][ 86]LogModuleManager: Shutting down and abandoning module Paper2DEditor (302)
[2018.11.09-10.58.49:418][ 86]LogModuleManager: Shutting down and abandoning module MeshPaint (301)
[2018.11.09-10.58.49:423][ 86]LogModuleManager: Shutting down and abandoning module RuntimePhysXCooking (298)
[2018.11.09-10.58.49:423][ 86]LogModuleManager: Shutting down and abandoning module PhysXVehiclesEditor (296)
[2018.11.09-10.58.49:423][ 86]LogModuleManager: Shutting down and abandoning module PhysXVehicles (294)
[2018.11.09-10.58.49:423][ 86]LogModuleManager: Shutting down and abandoning module OculusEditor (292)
[2018.11.09-10.58.49:433][ 86]LogModuleManager: Shutting down and abandoning module LocationServicesBPLibrary (290)
[2018.11.09-10.58.49:433][ 86]LogModuleManager: Shutting down and abandoning module ImmediatePhysicsEditor (288)
[2018.11.09-10.58.49:433][ 86]LogModuleManager: Shutting down and abandoning module ImmediatePhysics (286)
[2018.11.09-10.58.49:454][ 86]LogModuleManager: Shutting down and abandoning module ActorSequence (284)
[2018.11.09-10.58.49:454][ 86]LogModuleManager: Shutting down and abandoning module UdpMessaging (282)
[2018.11.09-10.58.49:555][ 86]LogModuleManager: Shutting down and abandoning module TcpMessaging (280)
[2018.11.09-10.58.49:667][ 86]LogModuleManager: Shutting down and abandoning module MagicLeapAudio (278)
[2018.11.09-10.58.49:667][ 86]LogModuleManager: Shutting down and abandoning module GameplayTagsEditor (276)
[2018.11.09-10.58.49:677][ 86]LogModuleManager: Shutting down and abandoning module FacialAnimationEditor (274)
[2018.11.09-10.58.49:677][ 86]LogModuleManager: Shutting down and abandoning module FacialAnimation (272)
[2018.11.09-10.58.49:678][ 86]LogModuleManager: Shutting down and abandoning module DataValidation (270)
[2018.11.09-10.58.49:678][ 86]LogModuleManager: Shutting down and abandoning module AssetManagerEditor (268)
[2018.11.09-10.58.49:698][ 86]LogModuleManager: Shutting down and abandoning module LevelEditor (267)
[2018.11.09-10.58.49:712][ 86]LogModuleManager: Shutting down and abandoning module PixelInspectorModule (266)
[2018.11.09-10.58.49:718][ 86]LogModuleManager: Shutting down and abandoning module CommonMenuExtensions (264)
[2018.11.09-10.58.49:718][ 86]LogModuleManager: Shutting down and abandoning module MainFrame (262)
[2018.11.09-10.58.49:729][ 86]LogModuleManager: Shutting down and abandoning module HotReload (261)
[2018.11.09-10.58.49:743][ 86]LogModuleManager: Shutting down and abandoning module ContentBrowser (257)
[2018.11.09-10.58.49:744][ 86]LogModuleManager: Shutting down and abandoning module TreeMap (255)
[2018.11.09-10.58.49:752][ 86]LogModuleManager: Shutting down and abandoning module LightPropagationVolumeRuntime (252)
[2018.11.09-10.58.49:752][ 86]LogModuleManager: Shutting down and abandoning module AISupportModule (250)
[2018.11.09-10.58.49:752][ 86]LogModuleManager: Shutting down and abandoning module Paper2D (248)
[2018.11.09-10.58.49:759][ 86]LogModuleManager: Shutting down and abandoning module WindowsMoviePlayer (246)
[2018.11.09-10.58.49:769][ 86]LogModuleManager: Shutting down and abandoning module WmfMedia (244)
[2018.11.09-10.58.49:775][ 86]LogModuleManager: Shutting down and abandoning module Media (243)
[2018.11.09-10.58.49:781][ 86]LogModuleManager: Shutting down and abandoning module PacketHandler (240)
[2018.11.09-10.58.49:781][ 86]LogModuleManager: Shutting down and abandoning module ClothingSystemEditor (238)
[2018.11.09-10.58.49:781][ 86]LogModuleManager: Shutting down and abandoning module ClothingSystemRuntime (236)
[2018.11.09-10.58.49:794][ 86]LogModuleManager: Shutting down and abandoning module MediaAssets (234)
[2018.11.09-10.58.49:794][ 86]LogModuleManager: Shutting down and abandoning module Overlay (232)
[2018.11.09-10.58.49:794][ 86]LogModuleManager: Shutting down and abandoning module OverlayEditor (231)
[2018.11.09-10.58.49:794][ 86]LogModuleManager: Shutting down and abandoning module VREditor (228)
[2018.11.09-10.58.49:802][ 86]LogModuleManager: Shutting down and abandoning module StringTableEditor (226)
[2018.11.09-10.58.49:815][ 86]LogModuleManager: Shutting down and abandoning module GameplayTasksEditor (224)
[2018.11.09-10.58.49:815][ 86]LogModuleManager: Shutting down and abandoning module BehaviorTreeEditor (222)
[2018.11.09-10.58.49:838][ 86]LogModuleManager: Shutting down and abandoning module FunctionalTesting (220)
[2018.11.09-10.58.49:853][ 86]LogModuleManager: Shutting down and abandoning module CollisionAnalyzer (218)
[2018.11.09-10.58.49:868][ 86]LogModuleManager: Shutting down and abandoning module WorkspaceMenuStructure (217)
[2018.11.09-10.58.49:868][ 86]LogModuleManager: Shutting down and abandoning module UMG (214)
[2018.11.09-10.58.49:883][ 86]LogModuleManager: Shutting down and abandoning module UMGEditor (213)
[2018.11.09-10.58.49:912][ 86]LogModuleManager: Shutting down and abandoning module Sequencer (212)
[2018.11.09-10.58.49:946][ 86]LogModuleManager: Shutting down and abandoning module MessageLog (209)
[2018.11.09-10.58.49:946][ 86]LogModuleManager: Shutting down and abandoning module SlateReflector (204)
[2018.11.09-10.58.49:970][ 86]LogModuleManager: Shutting down and abandoning module Slate (202)
[2018.11.09-10.58.49:977][ 86]LogModuleManager: Shutting down and abandoning module EditorStyle (200)
[2018.11.09-10.58.49:979][ 86]LogModuleManager: Shutting down and abandoning module MRMesh (198)
[2018.11.09-10.58.49:991][ 86]LogModuleManager: Shutting down and abandoning module SourceCodeAccess (196)
[2018.11.09-10.58.49:991][ 86]LogModuleManager: Shutting down and abandoning module HeadMountedDisplay (194)
[2018.11.09-10.58.49:991][ 86]LogModuleManager: Shutting down and abandoning module XAudio2 (192)
[2018.11.09-10.58.49:991][ 86]LogModuleManager: Shutting down and abandoning module Networking (190)
[2018.11.09-10.58.49:991][ 86]LogModuleManager: Shutting down and abandoning module Core (188)
[2018.11.09-10.58.49:991][ 86]LogModuleManager: Shutting down and abandoning module LevelSequence (186)
[2018.11.09-10.58.49:991][ 86]LogModuleManager: Shutting down and abandoning module KismetCompiler (184)
[2018.11.09-10.58.49:991][ 86]LogModuleManager: Shutting down and abandoning module MeshUtilities (182)
[2018.11.09-10.58.50:002][ 86]LogModuleManager: Shutting down and abandoning module MeshMergeUtilities (181)
[2018.11.09-10.58.50:013][ 86]LogModuleManager: Shutting down and abandoning module MeshReductionInterface (180)
[2018.11.09-10.58.50:013][ 86]LogModuleManager: Shutting down and abandoning module SimplygonSwarm (179)
[2018.11.09-10.58.50:028][ 86]LogModuleManager: Shutting down and abandoning module ProxyLODMeshReduction (177)
[2018.11.09-10.58.50:046][ 86]LogModuleManager: Shutting down and abandoning module SimplygonMeshReduction (175)
[2018.11.09-10.58.50:046][ 86]LogModuleManager: Shutting down and abandoning module QuadricMeshReduction (173)
[2018.11.09-10.58.50:060][ 86]LogModuleManager: Shutting down and abandoning module MaterialBaking (169)
[2018.11.09-10.58.50:076][ 86]LogModuleManager: Shutting down and abandoning module DirectoryWatcher (165)
[2018.11.09-10.58.50:076][ 86]LogModuleManager: Shutting down and abandoning module DerivedDataCache (162)
[2018.11.09-10.58.50:089][ 86]LogDerivedDataCache: Shutdown
[2018.11.09-10.58.50:089][ 86]LogModuleManager: Shutting down and abandoning module XGEController (160)
[2018.11.09-10.58.50:089][ 86]LogXGEController: Cleaning working directory: C:/Users/Joe/AppData/Local/Temp/UnrealXGEWorkingDir/
[2018.11.09-10.58.50:101][ 86]LogModuleManager: Shutting down and abandoning module TargetPlatform (158)
[2018.11.09-10.58.50:101][ 86]LogModuleManager: Shutting down and abandoning module VulkanShaderFormat (157)
[2018.11.09-10.58.50:110][ 86]LogModuleManager: Shutting down and abandoning module ShaderFormatVectorVM (155)
[2018.11.09-10.58.50:122][ 86]LogModuleManager: Shutting down and abandoning module ShaderFormatOpenGL (153)
[2018.11.09-10.58.50:129][ 86]LogModuleManager: Shutting down and abandoning module ShaderFormatD3D (151)
[2018.11.09-10.58.50:129][ 86]LogModuleManager: Shutting down and abandoning module MetalShaderFormat (149)
[2018.11.09-10.58.50:144][ 86]LogModuleManager: Shutting down and abandoning module TextureFormatUncompressed (147)
[2018.11.09-10.58.50:144][ 86]LogModuleManager: Shutting down and abandoning module TextureFormatPVR (145)
[2018.11.09-10.58.50:144][ 86]LogModuleManager: Shutting down and abandoning module TextureFormatDXT (143)
[2018.11.09-10.58.50:157][ 86]LogModuleManager: Shutting down and abandoning module TextureFormatIntelISPCTexComp (141)
[2018.11.09-10.58.50:162][ 86]LogModuleManager: Shutting down and abandoning module TextureFormatASTC (139)
[2018.11.09-10.58.50:162][ 86]LogModuleManager: Shutting down and abandoning module ImageWrapper (138)
[2018.11.09-10.58.50:162][ 86]LogModuleManager: Shutting down and abandoning module TextureFormatAndroid (135)
[2018.11.09-10.58.50:162][ 86]LogModuleManager: Shutting down and abandoning module AudioFormatOpus (133)
[2018.11.09-10.58.50:162][ 86]LogModuleManager: Shutting down and abandoning module AudioFormatOgg (131)
[2018.11.09-10.58.50:162][ 86]LogModuleManager: Shutting down and abandoning module AudioFormatADPCM (129)
[2018.11.09-10.58.50:162][ 86]LogModuleManager: Shutting down and abandoning module LuminTargetPlatform (127)
[2018.11.09-10.58.50:162][ 86]LogModuleManager: Shutting down and abandoning module LinuxTargetPlatform (125)
[2018.11.09-10.58.50:162][ 86]LogModuleManager: Shutting down and abandoning module LinuxServerTargetPlatform (123)
[2018.11.09-10.58.50:162][ 86]LogModuleManager: Shutting down and abandoning module LinuxNoEditorTargetPlatform (121)
[2018.11.09-10.58.50:170][ 86]LogModuleManager: Shutting down and abandoning module LinuxClientTargetPlatform (119)
[2018.11.09-10.58.50:172][ 86]LogModuleManager: Shutting down and abandoning module TVOSTargetPlatform (117)
[2018.11.09-10.58.50:177][ 86]LogModuleManager: Shutting down and abandoning module Messaging (115)
[2018.11.09-10.58.50:177][ 86]LogModuleManager: Shutting down and abandoning module IOSTargetPlatform (113)
[2018.11.09-10.58.50:181][ 86]LogModuleManager: Shutting down and abandoning module HTML5TargetPlatform (111)
[2018.11.09-10.58.50:181][ 86]LogModuleManager: Shutting down and abandoning module AndroidTargetPlatform (109)
[2018.11.09-10.58.50:226][ 86]LogModuleManager: Shutting down and abandoning module WindowsTargetPlatform (107)
[2018.11.09-10.58.50:226][ 86]LogModuleManager: Shutting down and abandoning module WindowsServerTargetPlatform (105)
[2018.11.09-10.58.50:226][ 86]LogModuleManager: Shutting down and abandoning module WindowsNoEditorTargetPlatform (103)
[2018.11.09-10.58.50:226][ 86]LogModuleManager: Shutting down and abandoning module WindowsClientTargetPlatform (101)
[2018.11.09-10.58.50:226][ 86]LogModuleManager: Shutting down and abandoning module MacTargetPlatform (99)
[2018.11.09-10.58.50:226][ 86]LogModuleManager: Shutting down and abandoning module MacServerTargetPlatform (97)
[2018.11.09-10.58.50:226][ 86]LogModuleManager: Shutting down and abandoning module MacNoEditorTargetPlatform (95)
[2018.11.09-10.58.50:226][ 86]LogModuleManager: Shutting down and abandoning module MacClientTargetPlatform (93)
[2018.11.09-10.58.50:226][ 86]LogModuleManager: Shutting down and abandoning module AllDesktopTargetPlatform (91)
[2018.11.09-10.58.50:226][ 86]LogModuleManager: Shutting down and abandoning module InputCore (88)
[2018.11.09-10.58.50:226][ 86]LogModuleManager: Shutting down and abandoning module Settings (86)
[2018.11.09-10.58.50:226][ 86]LogModuleManager: Shutting down and abandoning module PhysXCooking (84)
[2018.11.09-10.58.50:226][ 86]LogModuleManager: Shutting down and abandoning module SteamVR (82)
[2018.11.09-10.58.50:226][ 86]LogModuleManager: Shutting down and abandoning module OculusHMD (80)
[2018.11.09-10.58.50:242][ 86]LogModuleManager: Shutting down and abandoning module ExampleDeviceProfileSelector (78)
[2018.11.09-10.58.50:242][ 86]LogModuleManager: Shutting down and abandoning module LauncherChunkInstaller (76)
[2018.11.09-10.58.50:242][ 86]LogModuleManager: Shutting down and abandoning module OnlineBlueprintSupport (74)
[2018.11.09-10.58.50:242][ 86]LogModuleManager: Shutting down and abandoning module OnlineSubsystem (70)
[2018.11.09-10.58.50:250][ 86]LogModuleManager: Shutting down and abandoning module XMPP (65)
[2018.11.09-10.58.50:263][ 86]LogModuleManager: Shutting down and abandoning module WebSockets (64)
[2018.11.09-10.58.50:282][ 86]LogModuleManager: Shutting down and abandoning module HTTP (61)
[2018.11.09-10.58.50:287][ 86]LogHttp: Display: Http module shutting down, but needs to wait on 1 outstanding Http requests:
[2018.11.09-10.58.50:287][ 86]LogHttp: Display: 	verb=[POST] url=[https://datarouter.ol.epicgames.com/datarouter/api/v1/public/data?SessionID=%7BB575CD1A-465C-4737-6FBC-3585316D10DF%7D&AppID=UEEditor.Rocket.Release&AppVersion=4.20.3-4369336%2B%2B%2BUE4%2BRelease-4.20&UserID=446c4ea04764ce7afe4465b17e7a6c17%7Cd6068ea3471048cca4e310e1caa5999f%7Ca4b44338-195a-47b7-befd-6f16c805366d&AppEnvironment=datacollector-binary&UploadType=eteventstream] status=Processing
[2018.11.09-10.58.50:312][ 86]LogModuleManager: Shutting down and abandoning module SSL (60)
[2018.11.09-10.58.50:332][ 86]LogModuleManager: Shutting down and abandoning module MagicLeapEmulator (56)
[2018.11.09-10.58.50:332][ 86]LogModuleManager: Shutting down and abandoning module MagicLeapPrivileges (54)
[2018.11.09-10.58.50:332][ 86]LogModuleManager: Shutting down and abandoning module MagicLeapIdentity (52)
[2018.11.09-10.58.50:332][ 86]LogModuleManager: Shutting down and abandoning module MagicLeapHelperVulkan (50)
[2018.11.09-10.58.50:332][ 86]LogModuleManager: Shutting down and abandoning module MagicLeapHelperOpenGL (48)
[2018.11.09-10.58.50:332][ 86]LogModuleManager: Shutting down and abandoning module MagicLeapSecureStorage (46)
[2018.11.09-10.58.50:332][ 86]LogModuleManager: Shutting down and abandoning module MagicLeapGestures (44)
[2018.11.09-10.58.50:332][ 86]LogModuleManager: Shutting down and abandoning module MagicLeapEyeTracker (42)
[2018.11.09-10.58.50:332][ 86]LogModuleManager: Shutting down and abandoning module MagicLeapController (40)
[2018.11.09-10.58.50:332][ 86]LogSlate: Slate User Destroyed.  User Index 0, Is Virtual User: 0
[2018.11.09-10.58.50:332][ 86]LogModuleManager: Shutting down and abandoning module MagicLeap (38)
[2018.11.09-10.58.50:333][ 86]LogModuleManager: Shutting down and abandoning module AnimationModifiers (36)
[2018.11.09-10.58.50:352][ 86]LogModuleManager: Shutting down and abandoning module PropertyEditor (35)
[2018.11.09-10.58.50:358][ 86]LogModuleManager: Shutting down and abandoning module AudioEditor (32)
[2018.11.09-10.58.50:375][ 86]LogModuleManager: Shutting down and abandoning module TextureCompressor (30)
[2018.11.09-10.58.50:381][ 86]LogModuleManager: Shutting down and abandoning module ShaderCore (28)
[2018.11.09-10.58.50:381][ 86]LogModuleManager: Shutting down and abandoning module Landscape (26)
[2018.11.09-10.58.50:381][ 86]LogModuleManager: Shutting down and abandoning module SlateRHIRenderer (24)
[2018.11.09-10.58.50:404][ 86]LogModuleManager: Shutting down and abandoning module OpenGLDrv (22)
[2018.11.09-10.58.50:416][ 86]LogModuleManager: Shutting down and abandoning module D3D11RHI (20)
[2018.11.09-10.58.50:416][ 86]LogModuleManager: Shutting down and abandoning module AnimGraphRuntime (18)
[2018.11.09-10.58.50:422][ 86]LogModuleManager: Shutting down and abandoning module Renderer (16)
[2018.11.09-10.58.50:422][ 86]LogModuleManager: Shutting down and abandoning module Engine (14)
[2018.11.09-10.58.50:422][ 86]LogModuleManager: Shutting down and abandoning module CoreUObject (12)
[2018.11.09-10.58.50:422][ 86]LogModuleManager: Shutting down and abandoning module NetworkFile (10)
[2018.11.09-10.58.50:428][ 86]LogModuleManager: Shutting down and abandoning module CookedIterativeFile (8)
[2018.11.09-10.58.50:428][ 86]LogModuleManager: Shutting down and abandoning module StreamingFile (6)
[2018.11.09-10.58.50:433][ 86]LogModuleManager: Shutting down and abandoning module SandboxFile (4)
[2018.11.09-10.58.50:433][ 86]LogModuleManager: Shutting down and abandoning module PakFile (2)
[2018.11.09-10.58.50:454][ 86]LogExit: Exiting.
[2018.11.09-10.58.50:466][ 86]Log file closed, 11/09/18 23:58:50
